[5.287s] DEBUG:colcon:Command line arguments: ['/usr/bin/colcon', 'build', '--packages-select', 'time_travel', 'e']
[5.288s] DEBUG:colcon:Parsed command line arguments: Namespace(log_base=None, log_level=None, verb_name='build', build_base='build', install_base='install', merge_install=False, symlink_install=False, test_result_base=None, continue_on_error=False, executor='parallel', parallel_workers=12, event_handlers=None, ignore_user_meta=False, metas=['./colcon.meta'], base_paths=['.'], packages_ignore=None, packages_ignore_regex=None, paths=None, packages_up_to=None, packages_up_to_regex=None, packages_above=None, packages_above_and_dependencies=None, packages_above_depth=None, packages_select_by_dep=None, packages_skip_by_dep=None, packages_skip_up_to=None, packages_select_build_failed=False, packages_skip_build_finished=False, packages_select_test_failures=False, packages_skip_test_passed=False, packages_select=['time_travel', 'e'], packages_skip=None, packages_select_regex=None, packages_skip_regex=None, packages_start=None, packages_end=None, allow_overriding=[], cmake_args=None, cmake_target=None, cmake_target_skip_unavailable=False, cmake_clean_cache=False, cmake_clean_first=False, cmake_force_configure=False, ament_cmake_args=None, catkin_cmake_args=None, catkin_skip_building_tests=False, verb_parser=<colcon_defaults.argument_parser.defaults.DefaultArgumentsDecorator object at 0x7f4724f722c0>, verb_extension=<colcon_core.verb.build.BuildVerb object at 0x7f4724f71c60>, main=<bound method BuildVerb.main of <colcon_core.verb.build.BuildVerb object at 0x7f4724f71c60>>)
[5.427s] Level 1:colcon.colcon_core.package_discovery:discover_packages(colcon_meta) check parameters
[5.428s] Level 1:colcon.colcon_core.package_discovery:discover_packages(recursive) check parameters
[5.428s] Level 1:colcon.colcon_core.package_discovery:discover_packages(ignore) check parameters
[5.429s] Level 1:colcon.colcon_core.package_discovery:discover_packages(path) check parameters
[5.430s] Level 1:colcon.colcon_core.package_discovery:discover_packages(colcon_meta) discover
[5.430s] Level 1:colcon.colcon_core.package_discovery:discover_packages(recursive) discover
[5.430s] INFO:colcon.colcon_core.package_discovery:Crawling recursively for packages in '/home/dolganin/ros2_ws/src/time_travel/launch'
[5.431s] Level 1:colcon.colcon_core.package_identification:_identify(.) by extensions ['ignore', 'ignore_ament_install']
[5.432s] Level 1:colcon.colcon_core.package_identification:_identify(.) by extension 'ignore'
[5.432s] Level 1:colcon.colcon_core.package_identification:_identify(.) by extension 'ignore_ament_install'
[5.432s] Level 1:colcon.colcon_core.package_identification:_identify(.) by extensions ['colcon_pkg']
[5.433s] Level 1:colcon.colcon_core.package_identification:_identify(.) by extension 'colcon_pkg'
[5.434s] Level 1:colcon.colcon_core.package_identification:_identify(.) by extensions ['colcon_meta']
[5.434s] Level 1:colcon.colcon_core.package_identification:_identify(.) by extension 'colcon_meta'
[5.435s] Level 1:colcon.colcon_core.package_identification:_identify(.) by extensions ['ros']
[5.435s] Level 1:colcon.colcon_core.package_identification:_identify(.) by extension 'ros'
[5.499s] Level 1:colcon.colcon_core.package_identification:_identify(.) by extensions ['cmake', 'python']
[5.500s] Level 1:colcon.colcon_core.package_identification:_identify(.) by extension 'cmake'
[5.501s] Level 1:colcon.colcon_core.package_identification:_identify(.) by extension 'python'
[5.501s] Level 1:colcon.colcon_core.package_identification:_identify(.) by extensions ['python_setup_py']
[5.501s] Level 1:colcon.colcon_core.package_identification:_identify(.) by extension 'python_setup_py'
[5.503s] Level 1:colcon.colcon_core.package_identification:_identify(build) by extensions ['ignore', 'ignore_ament_install']
[5.503s] Level 1:colcon.colcon_core.package_identification:_identify(build) by extension 'ignore'
[5.504s] Level 1:colcon.colcon_core.package_identification:_identify(build) ignored
[5.504s] Level 1:colcon.colcon_core.package_identification:_identify(install) by extensions ['ignore', 'ignore_ament_install']
[5.505s] Level 1:colcon.colcon_core.package_identification:_identify(install) by extension 'ignore'
[5.506s] Level 1:colcon.colcon_core.package_identification:_identify(install) ignored
[5.506s] Level 1:colcon.colcon_core.package_identification:_identify(log) by extensions ['ignore', 'ignore_ament_install']
[5.506s] Level 1:colcon.colcon_core.package_identification:_identify(log) by extension 'ignore'
[5.507s] Level 1:colcon.colcon_core.package_identification:_identify(log) ignored
[5.509s] Level 1:colcon.colcon_core.package_discovery:discover_packages(recursive) using defaults
[5.509s] Level 1:colcon.colcon_core.package_discovery:discover_packages(ignore) discover
[5.509s] Level 1:colcon.colcon_core.package_discovery:discover_packages(ignore) using defaults
[5.510s] Level 1:colcon.colcon_core.package_discovery:discover_packages(path) discover
[5.510s] Level 1:colcon.colcon_core.package_discovery:discover_packages(path) using defaults
[5.587s] WARNING:colcon.colcon_core.package_selection:ignoring unknown package 'time_travel' in --packages-select
[5.589s] WARNING:colcon.colcon_core.package_selection:ignoring unknown package 'e' in --packages-select
[6.131s] Level 1:colcon.colcon_core.package_discovery:discover_packages(prefix_path) check parameters
[6.133s] Level 1:colcon.colcon_core.package_discovery:discover_packages(prefix_path) discover
[6.351s] DEBUG:colcon.colcon_installed_package_information.package_discovery:Found 5 installed packages in /home/dolganin/ros2_ws/src/install
[6.470s] DEBUG:colcon.colcon_installed_package_information.package_discovery:Found 6 installed packages in /home/dolganin/ros2_ws/install
[6.574s] DEBUG:colcon.colcon_installed_package_information.package_discovery:Found 272 installed packages in /opt/ros/humble
[6.585s] Level 1:colcon.colcon_core.package_discovery:discover_packages(prefix_path) using defaults
[6.983s] INFO:colcon.colcon_core.executor:Executing jobs using 'parallel' executor
[7.025s] DEBUG:colcon.colcon_parallel_executor.executor.parallel:run_until_complete
[7.026s] DEBUG:colcon.colcon_parallel_executor.executor.parallel:closing loop
[7.026s] DEBUG:colcon.colcon_parallel_executor.executor.parallel:loop closed
[7.026s] DEBUG:colcon.colcon_parallel_executor.executor.parallel:run_until_complete finished with '0'
[7.027s] DEBUG:colcon.colcon_core.event_reactor:joining thread
[7.206s] INFO:colcon.colcon_core.plugin_system:Skipping extension 'colcon_notification.desktop_notification.notify_send': Could not find 'notify-send'
[7.207s] INFO:colcon.colcon_core.plugin_system:Skipping extension 'colcon_notification.desktop_notification.terminal_notifier': Not used on non-Darwin systems
[7.208s] INFO:colcon.colcon_core.plugin_system:Skipping extension 'colcon_notification.desktop_notification.win32': Not used on non-Windows systems
[7.208s] INFO:colcon.colcon_notification.desktop_notification:Sending desktop notification using 'notify2'
[7.209s] DEBUG:colcon.colcon_notification.desktop_notification.notify2:Failed to initialize notify2: org.freedesktop.DBus.Error.FileNotFound: Failed to connect to socket /run/user/1000/bus: No such file or directory
[7.210s] DEBUG:colcon.colcon_core.event_reactor:joined thread
[7.302s] INFO:colcon.colcon_core.plugin_system:Skipping extension 'colcon_core.shell.bat': Not used on non-Windows systems
[7.303s] INFO:colcon.colcon_core.shell:Creating prefix script '/home/dolganin/ros2_ws/src/time_travel/launch/install/local_setup.ps1'
[7.306s] INFO:colcon.colcon_core.shell:Creating prefix util module '/home/dolganin/ros2_ws/src/time_travel/launch/install/_local_setup_util_ps1.py'
[7.311s] INFO:colcon.colcon_core.shell:Creating prefix chain script '/home/dolganin/ros2_ws/src/time_travel/launch/install/setup.ps1'
[7.425s] INFO:colcon.colcon_core.shell:Creating prefix script '/home/dolganin/ros2_ws/src/time_travel/launch/install/local_setup.sh'
[7.429s] INFO:colcon.colcon_core.shell:Creating prefix util module '/home/dolganin/ros2_ws/src/time_travel/launch/install/_local_setup_util_sh.py'
[7.432s] INFO:colcon.colcon_core.shell:Creating prefix chain script '/home/dolganin/ros2_ws/src/time_travel/launch/install/setup.sh'
[7.550s] INFO:colcon.colcon_core.shell:Creating prefix script '/home/dolganin/ros2_ws/src/time_travel/launch/install/local_setup.bash'
[7.556s] INFO:colcon.colcon_core.shell:Creating prefix chain script '/home/dolganin/ros2_ws/src/time_travel/launch/install/setup.bash'
[7.682s] INFO:colcon.colcon_core.shell:Creating prefix script '/home/dolganin/ros2_ws/src/time_travel/launch/install/local_setup.zsh'
[7.683s] INFO:colcon.colcon_core.shell:Creating prefix chain script '/home/dolganin/ros2_ws/src/time_travel/launch/install/setup.zsh'
