[0.010s] Invoking command in '/home/dolganin/ros2_ws/ex09/build/ex09': CMAKE_PREFIX_PATH=${CMAKE_PREFIX_PATH}:/opt/ros/humble /usr/bin/cmake /home/dolganin/ros2_ws/ex09 -DCMAKE_INSTALL_PREFIX=/home/dolganin/ros2_ws/ex09/install/ex09
[0.164s] -- The C compiler identification is GNU 11.4.0
[0.847s] -- The CXX compiler identification is GNU 11.4.0
[1.380s] -- Detecting C compiler ABI info
[1.546s] -- Detecting C compiler ABI info - done
[1.551s] -- Check for working C compiler: /usr/bin/cc - skipped
[1.551s] -- Detecting C compile features
[1.551s] -- Detecting C compile features - done
[1.553s] -- Detecting CXX compiler ABI info
[1.720s] -- Detecting CXX compiler ABI info - done
[1.725s] -- Check for working CXX compiler: /usr/bin/c++ - skipped
[1.725s] -- Detecting CXX compile features
[1.725s] -- Detecting CXX compile features - done
[1.727s] -- Found ament_cmake: 1.3.5 (/opt/ros/humble/share/ament_cmake/cmake)
[1.832s] -- Found Python3: /usr/bin/python3.10 (found version "3.10.12") found components: Interpreter 
[1.890s] -- Found rosidl_default_generators: 1.2.0 (/opt/ros/humble/share/rosidl_default_generators/cmake)
[1.891s] -- Using all available rosidl_typesupport_c: rosidl_typesupport_fastrtps_c;rosidl_typesupport_introspection_c
[1.895s] -- Found rosidl_adapter: 3.1.5 (/opt/ros/humble/share/rosidl_adapter/cmake)
[2.086s] -- Using all available rosidl_typesupport_cpp: rosidl_typesupport_fastrtps_cpp;rosidl_typesupport_introspection_cpp
[2.106s] [31mCMake Error at /opt/ros/humble/share/rosidl_cmake/cmake/rosidl_generate_interfaces.cmake:93 (message):
[2.107s]   rosidl_generate_interfaces() the passed file
[2.107s]   'src/srv/full_name_sum_service.msg' doesn't exist relative to the
[2.107s]   CMAKE_CURRENT_SOURCE_DIR '/home/dolganin/ros2_ws/ex09'
[2.107s] Call Stack (most recent call first):
[2.107s]   CMakeLists.txt:14 (rosidl_generate_interfaces)
[2.107s] 
[2.107s] [0m
[2.107s] -- Configuring incomplete, errors occurred!
[2.107s] See also "/home/dolganin/ros2_ws/ex09/build/ex09/CMakeFiles/CMakeOutput.log".
[2.111s] Invoked command in '/home/dolganin/ros2_ws/ex09/build/ex09' returned '1': CMAKE_PREFIX_PATH=${CMAKE_PREFIX_PATH}:/opt/ros/humble /usr/bin/cmake /home/dolganin/ros2_ws/ex09 -DCMAKE_INSTALL_PREFIX=/home/dolganin/ros2_ws/ex09/install/ex09
