[0.319s] DEBUG:colcon:Command line arguments: ['/usr/bin/colcon', 'build', '--packages-select', 'ex09']
[0.319s] DEBUG:colcon:Parsed command line arguments: Namespace(log_base=None, log_level=None, verb_name='build', build_base='build', install_base='install', merge_install=False, symlink_install=False, test_result_base=None, continue_on_error=False, executor='parallel', parallel_workers=12, event_handlers=None, ignore_user_meta=False, metas=['./colcon.meta'], base_paths=['.'], packages_ignore=None, packages_ignore_regex=None, paths=None, packages_up_to=None, packages_up_to_regex=None, packages_above=None, packages_above_and_dependencies=None, packages_above_depth=None, packages_select_by_dep=None, packages_skip_by_dep=None, packages_skip_up_to=None, packages_select_build_failed=False, packages_skip_build_finished=False, packages_select_test_failures=False, packages_skip_test_passed=False, packages_select=['ex09'], packages_skip=None, packages_select_regex=None, packages_skip_regex=None, packages_start=None, packages_end=None, allow_overriding=[], cmake_args=None, cmake_target=None, cmake_target_skip_unavailable=False, cmake_clean_cache=False, cmake_clean_first=False, cmake_force_configure=False, ament_cmake_args=None, catkin_cmake_args=None, catkin_skip_building_tests=False, verb_parser=<colcon_defaults.argument_parser.defaults.DefaultArgumentsDecorator object at 0x7fb647d545e0>, verb_extension=<colcon_core.verb.build.BuildVerb object at 0x7fb64852ae00>, main=<bound method BuildVerb.main of <colcon_core.verb.build.BuildVerb object at 0x7fb64852ae00>>)
[0.341s] Level 1:colcon.colcon_core.package_discovery:discover_packages(colcon_meta) check parameters
[0.341s] Level 1:colcon.colcon_core.package_discovery:discover_packages(recursive) check parameters
[0.341s] Level 1:colcon.colcon_core.package_discovery:discover_packages(ignore) check parameters
[0.341s] Level 1:colcon.colcon_core.package_discovery:discover_packages(path) check parameters
[0.341s] Level 1:colcon.colcon_core.package_discovery:discover_packages(colcon_meta) discover
[0.341s] Level 1:colcon.colcon_core.package_discovery:discover_packages(recursive) discover
[0.341s] INFO:colcon.colcon_core.package_discovery:Crawling recursively for packages in '/home/dolganin/ros2_ws/ex09'
[0.341s] Level 1:colcon.colcon_core.package_identification:_identify(.) by extensions ['ignore', 'ignore_ament_install']
[0.341s] Level 1:colcon.colcon_core.package_identification:_identify(.) by extension 'ignore'
[0.341s] Level 1:colcon.colcon_core.package_identification:_identify(.) by extension 'ignore_ament_install'
[0.341s] Level 1:colcon.colcon_core.package_identification:_identify(.) by extensions ['colcon_pkg']
[0.341s] Level 1:colcon.colcon_core.package_identification:_identify(.) by extension 'colcon_pkg'
[0.341s] Level 1:colcon.colcon_core.package_identification:_identify(.) by extensions ['colcon_meta']
[0.341s] Level 1:colcon.colcon_core.package_identification:_identify(.) by extension 'colcon_meta'
[0.341s] Level 1:colcon.colcon_core.package_identification:_identify(.) by extensions ['ros']
[0.341s] Level 1:colcon.colcon_core.package_identification:_identify(.) by extension 'ros'
[0.350s] DEBUG:colcon.colcon_core.package_identification:Package '.' with type 'ros.ament_cmake' and name 'ex09'
[0.350s] Level 1:colcon.colcon_core.package_discovery:discover_packages(recursive) using defaults
[0.351s] Level 1:colcon.colcon_core.package_discovery:discover_packages(ignore) discover
[0.351s] Level 1:colcon.colcon_core.package_discovery:discover_packages(ignore) using defaults
[0.351s] Level 1:colcon.colcon_core.package_discovery:discover_packages(path) discover
[0.351s] Level 1:colcon.colcon_core.package_discovery:discover_packages(path) using defaults
[0.365s] Level 1:colcon.colcon_core.package_discovery:discover_packages(prefix_path) check parameters
[0.365s] Level 1:colcon.colcon_core.package_discovery:discover_packages(prefix_path) discover
[0.366s] WARNING:colcon.colcon_ros.prefix_path.ament:The path '/home/dolganin/ros2_ws/install/tutorial_interfaces' in the environment variable AMENT_PREFIX_PATH doesn't exist
[0.366s] WARNING:colcon.colcon_ros.prefix_path.catkin:The path '/home/dolganin/ros2_ws/install/tutorial_interfaces' in the environment variable CMAKE_PREFIX_PATH doesn't exist
[0.367s] DEBUG:colcon.colcon_installed_package_information.package_discovery:Found 2 installed packages in /home/dolganin/ros2_ws/install
[0.368s] DEBUG:colcon.colcon_installed_package_information.package_discovery:Found 270 installed packages in /opt/ros/humble
[0.370s] Level 1:colcon.colcon_core.package_discovery:discover_packages(prefix_path) using defaults
[0.407s] Level 5:colcon.colcon_core.verb:set package 'ex09' build argument 'cmake_args' from command line to 'None'
[0.407s] Level 5:colcon.colcon_core.verb:set package 'ex09' build argument 'cmake_target' from command line to 'None'
[0.407s] Level 5:colcon.colcon_core.verb:set package 'ex09' build argument 'cmake_target_skip_unavailable' from command line to 'False'
[0.407s] Level 5:colcon.colcon_core.verb:set package 'ex09' build argument 'cmake_clean_cache' from command line to 'False'
[0.407s] Level 5:colcon.colcon_core.verb:set package 'ex09' build argument 'cmake_clean_first' from command line to 'False'
[0.407s] Level 5:colcon.colcon_core.verb:set package 'ex09' build argument 'cmake_force_configure' from command line to 'False'
[0.408s] Level 5:colcon.colcon_core.verb:set package 'ex09' build argument 'ament_cmake_args' from command line to 'None'
[0.408s] Level 5:colcon.colcon_core.verb:set package 'ex09' build argument 'catkin_cmake_args' from command line to 'None'
[0.408s] Level 5:colcon.colcon_core.verb:set package 'ex09' build argument 'catkin_skip_building_tests' from command line to 'False'
[0.408s] DEBUG:colcon.colcon_core.verb:Building package 'ex09' with the following arguments: {'ament_cmake_args': None, 'build_base': '/home/dolganin/ros2_ws/ex09/build/ex09', 'catkin_cmake_args': None, 'catkin_skip_building_tests': False, 'cmake_args': None, 'cmake_clean_cache': False, 'cmake_clean_first': False, 'cmake_force_configure': False, 'cmake_target': None, 'cmake_target_skip_unavailable': False, 'install_base': '/home/dolganin/ros2_ws/ex09/install/ex09', 'merge_install': False, 'path': '/home/dolganin/ros2_ws/ex09', 'symlink_install': False, 'test_result_base': None}
[0.408s] INFO:colcon.colcon_core.executor:Executing jobs using 'parallel' executor
[0.410s] DEBUG:colcon.colcon_parallel_executor.executor.parallel:run_until_complete
[0.411s] INFO:colcon.colcon_ros.task.ament_cmake.build:Building ROS package in '/home/dolganin/ros2_ws/ex09' with build type 'ament_cmake'
[0.411s] INFO:colcon.colcon_cmake.task.cmake.build:Building CMake package in '/home/dolganin/ros2_ws/ex09'
[0.414s] INFO:colcon.colcon_core.plugin_system:Skipping extension 'colcon_core.shell.bat': Not used on non-Windows systems
[0.414s] INFO:colcon.colcon_core.shell:Skip shell extension 'powershell' for command environment: Not usable outside of PowerShell
[0.414s] DEBUG:colcon.colcon_core.shell:Skip shell extension 'dsv' for command environment
[0.421s] DEBUG:colcon.colcon_core.event_handler.log_command:Invoking command in '/home/dolganin/ros2_ws/ex09/build/ex09': CMAKE_PREFIX_PATH=${CMAKE_PREFIX_PATH}:/opt/ros/humble /usr/bin/cmake /home/dolganin/ros2_ws/ex09 -DCMAKE_INSTALL_PREFIX=/home/dolganin/ros2_ws/ex09/install/ex09
[2.100s] DEBUG:colcon.colcon_core.event_handler.log_command:Invoked command in '/home/dolganin/ros2_ws/ex09/build/ex09' returned '0': CMAKE_PREFIX_PATH=${CMAKE_PREFIX_PATH}:/opt/ros/humble /usr/bin/cmake /home/dolganin/ros2_ws/ex09 -DCMAKE_INSTALL_PREFIX=/home/dolganin/ros2_ws/ex09/install/ex09
[2.102s] DEBUG:colcon.colcon_core.event_handler.log_command:Invoking command in '/home/dolganin/ros2_ws/ex09/build/ex09': CMAKE_PREFIX_PATH=${CMAKE_PREFIX_PATH}:/opt/ros/humble /usr/bin/cmake --build /home/dolganin/ros2_ws/ex09/build/ex09 -- -j12 -l12
[4.276s] DEBUG:colcon.colcon_core.event_handler.log_command:Invoked command in '/home/dolganin/ros2_ws/ex09/build/ex09' returned '0': CMAKE_PREFIX_PATH=${CMAKE_PREFIX_PATH}:/opt/ros/humble /usr/bin/cmake --build /home/dolganin/ros2_ws/ex09/build/ex09 -- -j12 -l12
[4.324s] DEBUG:colcon.colcon_core.event_handler.log_command:Invoking command in '/home/dolganin/ros2_ws/ex09/build/ex09': CMAKE_PREFIX_PATH=${CMAKE_PREFIX_PATH}:/opt/ros/humble /usr/bin/cmake --install /home/dolganin/ros2_ws/ex09/build/ex09
[4.372s] Level 1:colcon.colcon_core.environment:create_environment_scripts_only(ex09)
[4.373s] DEBUG:colcon.colcon_core.event_handler.log_command:Invoked command in '/home/dolganin/ros2_ws/ex09/build/ex09' returned '0': CMAKE_PREFIX_PATH=${CMAKE_PREFIX_PATH}:/opt/ros/humble /usr/bin/cmake --install /home/dolganin/ros2_ws/ex09/build/ex09
[4.375s] Level 1:colcon.colcon_core.environment:checking '/home/dolganin/ros2_ws/ex09/install/ex09' for CMake module files
[4.376s] Level 1:colcon.colcon_core.environment:checking '/home/dolganin/ros2_ws/ex09/install/ex09' for CMake config files
[4.376s] Level 1:colcon.colcon_core.shell:create_environment_hook('ex09', 'cmake_prefix_path')
[4.377s] INFO:colcon.colcon_core.shell:Creating environment hook '/home/dolganin/ros2_ws/ex09/install/ex09/share/ex09/hook/cmake_prefix_path.ps1'
[4.377s] INFO:colcon.colcon_core.shell:Creating environment descriptor '/home/dolganin/ros2_ws/ex09/install/ex09/share/ex09/hook/cmake_prefix_path.dsv'
[4.378s] INFO:colcon.colcon_core.shell:Creating environment hook '/home/dolganin/ros2_ws/ex09/install/ex09/share/ex09/hook/cmake_prefix_path.sh'
[4.378s] Level 1:colcon.colcon_core.environment:checking '/home/dolganin/ros2_ws/ex09/install/ex09/lib'
[4.378s] Level 1:colcon.colcon_core.shell:create_environment_hook('ex09', 'ld_library_path_lib')
[4.379s] INFO:colcon.colcon_core.shell:Creating environment hook '/home/dolganin/ros2_ws/ex09/install/ex09/share/ex09/hook/ld_library_path_lib.ps1'
[4.379s] INFO:colcon.colcon_core.shell:Creating environment descriptor '/home/dolganin/ros2_ws/ex09/install/ex09/share/ex09/hook/ld_library_path_lib.dsv'
[4.379s] INFO:colcon.colcon_core.shell:Creating environment hook '/home/dolganin/ros2_ws/ex09/install/ex09/share/ex09/hook/ld_library_path_lib.sh'
[4.380s] Level 1:colcon.colcon_core.environment:checking '/home/dolganin/ros2_ws/ex09/install/ex09/bin'
[4.380s] Level 1:colcon.colcon_core.environment:checking '/home/dolganin/ros2_ws/ex09/install/ex09/lib/pkgconfig/ex09.pc'
[4.380s] Level 1:colcon.colcon_core.environment:checking '/home/dolganin/ros2_ws/ex09/install/ex09/lib/python3.10/site-packages'
[4.380s] Level 1:colcon.colcon_core.environment:checking '/home/dolganin/ros2_ws/ex09/install/ex09/bin'
[4.381s] INFO:colcon.colcon_core.shell:Creating package script '/home/dolganin/ros2_ws/ex09/install/ex09/share/ex09/package.ps1'
[4.381s] INFO:colcon.colcon_core.shell:Creating package descriptor '/home/dolganin/ros2_ws/ex09/install/ex09/share/ex09/package.dsv'
[4.382s] INFO:colcon.colcon_core.shell:Creating package script '/home/dolganin/ros2_ws/ex09/install/ex09/share/ex09/package.sh'
[4.382s] INFO:colcon.colcon_core.shell:Creating package script '/home/dolganin/ros2_ws/ex09/install/ex09/share/ex09/package.bash'
[4.383s] INFO:colcon.colcon_core.shell:Creating package script '/home/dolganin/ros2_ws/ex09/install/ex09/share/ex09/package.zsh'
[4.383s] Level 1:colcon.colcon_core.environment:create_file_with_runtime_dependencies(/home/dolganin/ros2_ws/ex09/install/ex09/share/colcon-core/packages/ex09)
[4.422s] Level 1:colcon.colcon_core.environment:create_environment_scripts_only(ex09)
[4.423s] Level 1:colcon.colcon_core.environment:checking '/home/dolganin/ros2_ws/ex09/install/ex09' for CMake module files
[4.424s] Level 1:colcon.colcon_core.environment:checking '/home/dolganin/ros2_ws/ex09/install/ex09' for CMake config files
[4.424s] Level 1:colcon.colcon_core.shell:create_environment_hook('ex09', 'cmake_prefix_path')
[4.425s] INFO:colcon.colcon_core.shell:Creating environment hook '/home/dolganin/ros2_ws/ex09/install/ex09/share/ex09/hook/cmake_prefix_path.ps1'
[4.425s] INFO:colcon.colcon_core.shell:Creating environment descriptor '/home/dolganin/ros2_ws/ex09/install/ex09/share/ex09/hook/cmake_prefix_path.dsv'
[4.425s] INFO:colcon.colcon_core.shell:Creating environment hook '/home/dolganin/ros2_ws/ex09/install/ex09/share/ex09/hook/cmake_prefix_path.sh'
[4.425s] Level 1:colcon.colcon_core.environment:checking '/home/dolganin/ros2_ws/ex09/install/ex09/lib'
[4.425s] Level 1:colcon.colcon_core.shell:create_environment_hook('ex09', 'ld_library_path_lib')
[4.426s] INFO:colcon.colcon_core.shell:Creating environment hook '/home/dolganin/ros2_ws/ex09/install/ex09/share/ex09/hook/ld_library_path_lib.ps1'
[4.426s] INFO:colcon.colcon_core.shell:Creating environment descriptor '/home/dolganin/ros2_ws/ex09/install/ex09/share/ex09/hook/ld_library_path_lib.dsv'
[4.427s] INFO:colcon.colcon_core.shell:Creating environment hook '/home/dolganin/ros2_ws/ex09/install/ex09/share/ex09/hook/ld_library_path_lib.sh'
[4.427s] Level 1:colcon.colcon_core.environment:checking '/home/dolganin/ros2_ws/ex09/install/ex09/bin'
[4.427s] Level 1:colcon.colcon_core.environment:checking '/home/dolganin/ros2_ws/ex09/install/ex09/lib/pkgconfig/ex09.pc'
[4.427s] Level 1:colcon.colcon_core.environment:checking '/home/dolganin/ros2_ws/ex09/install/ex09/lib/python3.10/site-packages'
[4.427s] Level 1:colcon.colcon_core.environment:checking '/home/dolganin/ros2_ws/ex09/install/ex09/bin'
[4.428s] INFO:colcon.colcon_core.shell:Creating package script '/home/dolganin/ros2_ws/ex09/install/ex09/share/ex09/package.ps1'
[4.428s] INFO:colcon.colcon_core.shell:Creating package descriptor '/home/dolganin/ros2_ws/ex09/install/ex09/share/ex09/package.dsv'
[4.429s] INFO:colcon.colcon_core.shell:Creating package script '/home/dolganin/ros2_ws/ex09/install/ex09/share/ex09/package.sh'
[4.429s] INFO:colcon.colcon_core.shell:Creating package script '/home/dolganin/ros2_ws/ex09/install/ex09/share/ex09/package.bash'
[4.429s] INFO:colcon.colcon_core.shell:Creating package script '/home/dolganin/ros2_ws/ex09/install/ex09/share/ex09/package.zsh'
[4.429s] Level 1:colcon.colcon_core.environment:create_file_with_runtime_dependencies(/home/dolganin/ros2_ws/ex09/install/ex09/share/colcon-core/packages/ex09)
[4.429s] DEBUG:colcon.colcon_parallel_executor.executor.parallel:closing loop
[4.430s] DEBUG:colcon.colcon_parallel_executor.executor.parallel:loop closed
[4.430s] DEBUG:colcon.colcon_parallel_executor.executor.parallel:run_until_complete finished with '0'
[4.430s] DEBUG:colcon.colcon_core.event_reactor:joining thread
[4.499s] INFO:colcon.colcon_core.plugin_system:Skipping extension 'colcon_notification.desktop_notification.notify_send': Could not find 'notify-send'
[4.499s] INFO:colcon.colcon_core.plugin_system:Skipping extension 'colcon_notification.desktop_notification.terminal_notifier': Not used on non-Darwin systems
[4.499s] INFO:colcon.colcon_core.plugin_system:Skipping extension 'colcon_notification.desktop_notification.win32': Not used on non-Windows systems
[4.499s] INFO:colcon.colcon_notification.desktop_notification:Sending desktop notification using 'notify2'
[4.499s] DEBUG:colcon.colcon_notification.desktop_notification.notify2:Failed to initialize notify2: org.freedesktop.DBus.Error.FileNotFound: Failed to connect to socket /run/user/1000/bus: No such file or directory
[4.499s] DEBUG:colcon.colcon_core.event_reactor:joined thread
[4.501s] INFO:colcon.colcon_core.shell:Creating prefix script '/home/dolganin/ros2_ws/ex09/install/local_setup.ps1'
[4.501s] INFO:colcon.colcon_core.shell:Creating prefix util module '/home/dolganin/ros2_ws/ex09/install/_local_setup_util_ps1.py'
[4.502s] INFO:colcon.colcon_core.shell:Creating prefix chain script '/home/dolganin/ros2_ws/ex09/install/setup.ps1'
[4.503s] INFO:colcon.colcon_core.shell:Creating prefix script '/home/dolganin/ros2_ws/ex09/install/local_setup.sh'
[4.503s] INFO:colcon.colcon_core.shell:Creating prefix util module '/home/dolganin/ros2_ws/ex09/install/_local_setup_util_sh.py'
[4.504s] INFO:colcon.colcon_core.shell:Creating prefix chain script '/home/dolganin/ros2_ws/ex09/install/setup.sh'
[4.504s] INFO:colcon.colcon_core.shell:Creating prefix script '/home/dolganin/ros2_ws/ex09/install/local_setup.bash'
[4.505s] INFO:colcon.colcon_core.shell:Creating prefix chain script '/home/dolganin/ros2_ws/ex09/install/setup.bash'
[4.505s] INFO:colcon.colcon_core.shell:Creating prefix script '/home/dolganin/ros2_ws/ex09/install/local_setup.zsh'
[4.506s] INFO:colcon.colcon_core.shell:Creating prefix chain script '/home/dolganin/ros2_ws/ex09/install/setup.zsh'
