-- Found ament_cmake: 1.3.5 (/opt/ros/humble/share/ament_cmake/cmake)
-- Found rosidl_default_generators: 1.2.0 (/opt/ros/humble/share/rosidl_default_generators/cmake)
-- Using all available rosidl_typesupport_c: rosidl_typesupport_fastrtps_c;rosidl_typesupport_introspection_c
-- Found rosidl_adapter: 3.1.5 (/opt/ros/humble/share/rosidl_adapter/cmake)
-- Using all available rosidl_typesupport_cpp: rosidl_typesupport_fastrtps_cpp;rosidl_typesupport_introspection_cpp
-- Found ament_cmake_ros: 0.10.0 (/opt/ros/humble/share/ament_cmake_ros/cmake)
-- Using all available rosidl_typesupport_c: rosidl_typesupport_fastrtps_c;rosidl_typesupport_introspection_c
-- Using all available rosidl_typesupport_cpp: rosidl_typesupport_fastrtps_cpp;rosidl_typesupport_introspection_cpp
-- Found PythonInterp: /usr/bin/python3 (found suitable version "3.10.12", minimum required is "3.6") 
-- Found python_cmake_module: 0.10.0 (/opt/ros/humble/share/python_cmake_module/cmake)
-- Found PythonLibs: /usr/lib/x86_64-linux-gnu/libpython3.10.so (found suitable version "3.10.12", minimum required is "3.5") 
-- Using PYTHON_EXECUTABLE: /usr/bin/python3
-- Using PYTHON_INCLUDE_DIRS: /usr/include/python3.10
-- Using PYTHON_LIBRARIES: /usr/lib/x86_64-linux-gnu/libpython3.10.so
-- Found PythonExtra: .so  
-- Found ament_lint_auto: 0.12.7 (/opt/ros/humble/share/ament_lint_auto/cmake)
-- Added test 'cppcheck' to perform static code analysis on C / C++ code
-- Configured cppcheck include dirs: $<BUILD_INTERFACE:/home/dolganin/ros2_ws/ex09/build/ex09/rosidl_generator_c>;$<BUILD_INTERFACE:/home/dolganin/ros2_ws/ex09/build/ex09/rosidl_typesupport_fastrtps_c>;$<BUILD_INTERFACE:/home/dolganin/ros2_ws/ex09/build/ex09/rosidl_typesupport_introspection_c>;$<BUILD_INTERFACE:/home/dolganin/ros2_ws/ex09/build/ex09/rosidl_generator_cpp>;$<BUILD_INTERFACE:/home/dolganin/ros2_ws/ex09/build/ex09/rosidl_typesupport_fastrtps_cpp>;$<BUILD_INTERFACE:/home/dolganin/ros2_ws/ex09/build/ex09/rosidl_typesupport_introspection_cpp>;/home/dolganin/ros2_ws/ex09/build/ex09/rosidl_generator_c;/home/dolganin/ros2_ws/ex09/build/ex09/rosidl_generator_py
-- Configured cppcheck exclude dirs and/or files: 
-- Added test 'flake8' to check Python code syntax and style conventions
-- Added test 'lint_cmake' to check CMake code style
-- Added test 'pep257' to check Python code against some of the docstring style conventions in PEP 257
-- Added test 'uncrustify' to check C / C++ code style
-- Configured uncrustify additional arguments: 
-- Added test 'xmllint' to check XML markup files
-- Configuring done
-- Generating done
-- Build files have been written to: /home/dolganin/ros2_ws/ex09/build/ex09
[  2%] [34m[1mGenerating C code for ROS interfaces[0m
[  5%] [34m[1mGenerating C++ code for ROS interfaces[0m
[  5%] Built target ament_cmake_python_copy_ex09
running egg_info
creating ex09.egg-info
writing ex09.egg-info/PKG-INFO
writing dependency_links to ex09.egg-info/dependency_links.txt
writing top-level names to ex09.egg-info/top_level.txt
writing manifest file 'ex09.egg-info/SOURCES.txt'
reading manifest file 'ex09.egg-info/SOURCES.txt'
writing manifest file 'ex09.egg-info/SOURCES.txt'
[  5%] Built target ament_cmake_python_build_ex09_egg
[  7%] [32mBuilding C object CMakeFiles/ex09__rosidl_generator_c.dir/rosidl_generator_c/ex09/srv/detail/fullnamesum__functions.c.o[0m
[ 10%] [32mBuilding C object CMakeFiles/ex09__rosidl_generator_c.dir/rosidl_generator_c/ex09/msg/detail/fullname__functions.c.o[0m
[ 10%] Built target ex09__cpp
[ 17%] [34m[1mGenerating C++ type support dispatch for ROS interfaces[0m
[ 17%] [34m[1mGenerating C++ type support for eProsima Fast-RTPS[0m
[ 17%] [34m[1mGenerating C++ introspection for ROS interfaces[0m
[ 20%] [32m[1mLinking C shared library libex09__rosidl_generator_c.so[0m
[ 20%] Built target ex09__rosidl_generator_c
[ 25%] [32mBuilding CXX object CMakeFiles/ex09__rosidl_typesupport_cpp.dir/rosidl_typesupport_cpp/ex09/msg/fullname__type_support.cpp.o[0m
[ 25%] [32mBuilding CXX object CMakeFiles/ex09__rosidl_typesupport_cpp.dir/rosidl_typesupport_cpp/ex09/srv/fullnamesum__type_support.cpp.o[0m
[ 33%] [34m[1mGenerating C type support dispatch for ROS interfaces[0m
[ 33%] [34m[1mGenerating C type support for eProsima Fast-RTPS[0m
[ 33%] [34m[1mGenerating C introspection for ROS interfaces[0m
[ 35%] [32mBuilding CXX object CMakeFiles/ex09__rosidl_typesupport_introspection_cpp.dir/rosidl_typesupport_introspection_cpp/ex09/srv/detail/fullnamesum__type_support.cpp.o[0m
[ 38%] [32mBuilding CXX object CMakeFiles/ex09__rosidl_typesupport_introspection_cpp.dir/rosidl_typesupport_introspection_cpp/ex09/msg/detail/fullname__type_support.cpp.o[0m
[ 41%] [32mBuilding CXX object CMakeFiles/ex09__rosidl_typesupport_fastrtps_cpp.dir/rosidl_typesupport_fastrtps_cpp/ex09/msg/detail/dds_fastrtps/fullname__type_support.cpp.o[0m
[ 43%] [32mBuilding CXX object CMakeFiles/ex09__rosidl_typesupport_fastrtps_cpp.dir/rosidl_typesupport_fastrtps_cpp/ex09/srv/detail/dds_fastrtps/fullnamesum__type_support.cpp.o[0m
[ 48%] [32mBuilding CXX object CMakeFiles/ex09__rosidl_typesupport_fastrtps_c.dir/rosidl_typesupport_fastrtps_c/ex09/srv/detail/fullnamesum__type_support_c.cpp.o[0m
[ 48%] [32mBuilding CXX object CMakeFiles/ex09__rosidl_typesupport_fastrtps_c.dir/rosidl_typesupport_fastrtps_c/ex09/msg/detail/fullname__type_support_c.cpp.o[0m
[ 51%] [32mBuilding CXX object CMakeFiles/ex09__rosidl_typesupport_c.dir/rosidl_typesupport_c/ex09/msg/fullname__type_support.cpp.o[0m
[ 53%] [32mBuilding CXX object CMakeFiles/ex09__rosidl_typesupport_c.dir/rosidl_typesupport_c/ex09/srv/fullnamesum__type_support.cpp.o[0m
[ 56%] [32m[1mLinking CXX shared library libex09__rosidl_typesupport_c.so[0m
[ 58%] [32m[1mLinking CXX shared library libex09__rosidl_typesupport_cpp.so[0m
[ 64%] [32mBuilding C object CMakeFiles/ex09__rosidl_typesupport_introspection_c.dir/rosidl_typesupport_introspection_c/ex09/srv/detail/fullnamesum__type_support.c.o[0m
[ 64%] [32mBuilding C object CMakeFiles/ex09__rosidl_typesupport_introspection_c.dir/rosidl_typesupport_introspection_c/ex09/msg/detail/fullname__type_support.c.o[0m
[ 66%] [32m[1mLinking C shared library libex09__rosidl_typesupport_introspection_c.so[0m
[ 69%] [32m[1mLinking CXX shared library libex09__rosidl_typesupport_introspection_cpp.so[0m
[ 69%] Built target ex09__rosidl_typesupport_cpp
[ 69%] Built target ex09__rosidl_typesupport_c
[ 71%] [32m[1mLinking CXX shared library libex09__rosidl_typesupport_fastrtps_cpp.so[0m
[ 71%] Built target ex09__rosidl_typesupport_introspection_c
[ 74%] [32m[1mLinking CXX shared library libex09__rosidl_typesupport_fastrtps_c.so[0m
[ 74%] Built target ex09__rosidl_typesupport_introspection_cpp
[ 74%] Built target ex09__rosidl_typesupport_fastrtps_cpp
[ 74%] Built target ex09__rosidl_typesupport_fastrtps_c
[ 74%] Built target ex09
[ 76%] [34m[1mGenerating Python code for ROS interfaces[0m
[ 76%] Built target ex09__py
[ 82%] [32mBuilding C object CMakeFiles/ex09__rosidl_generator_py.dir/rosidl_generator_py/ex09/msg/_fullname_s.c.o[0m
[ 82%] [32mBuilding C object CMakeFiles/ex09__rosidl_generator_py.dir/rosidl_generator_py/ex09/srv/_fullnamesum_s.c.o[0m
[ 84%] [32m[1mLinking C shared library rosidl_generator_py/ex09/libex09__rosidl_generator_py.so[0m
[ 84%] Built target ex09__rosidl_generator_py
[ 89%] [32mBuilding C object CMakeFiles/ex09__rosidl_typesupport_fastrtps_c__pyext.dir/rosidl_generator_py/ex09/_ex09_s.ep.rosidl_typesupport_fastrtps_c.c.o[0m
[ 89%] [32mBuilding C object CMakeFiles/ex09__rosidl_typesupport_introspection_c__pyext.dir/rosidl_generator_py/ex09/_ex09_s.ep.rosidl_typesupport_introspection_c.c.o[0m
[ 92%] [32mBuilding C object CMakeFiles/ex09__rosidl_typesupport_c__pyext.dir/rosidl_generator_py/ex09/_ex09_s.ep.rosidl_typesupport_c.c.o[0m
[ 94%] [32m[1mLinking C shared library rosidl_generator_py/ex09/ex09_s__rosidl_typesupport_fastrtps_c.cpython-310-x86_64-linux-gnu.so[0m
[100%] [32m[1mLinking C shared library rosidl_generator_py/ex09/ex09_s__rosidl_typesupport_c.cpython-310-x86_64-linux-gnu.so[0m
[100%] [32m[1mLinking C shared library rosidl_generator_py/ex09/ex09_s__rosidl_typesupport_introspection_c.cpython-310-x86_64-linux-gnu.so[0m
[100%] Built target ex09__rosidl_typesupport_fastrtps_c__pyext
[100%] Built target ex09__rosidl_typesupport_c__pyext
[100%] Built target ex09__rosidl_typesupport_introspection_c__pyext
-- Install configuration: ""
-- Installing: /home/dolganin/ros2_ws/ex09/install/ex09/share/ament_index/resource_index/rosidl_interfaces/ex09
-- Installing: /home/dolganin/ros2_ws/ex09/install/ex09/include/ex09/ex09
-- Installing: /home/dolganin/ros2_ws/ex09/install/ex09/include/ex09/ex09/msg
-- Installing: /home/dolganin/ros2_ws/ex09/install/ex09/include/ex09/ex09/msg/fullname.h
-- Installing: /home/dolganin/ros2_ws/ex09/install/ex09/include/ex09/ex09/msg/rosidl_generator_c__visibility_control.h
-- Installing: /home/dolganin/ros2_ws/ex09/install/ex09/include/ex09/ex09/msg/detail
-- Installing: /home/dolganin/ros2_ws/ex09/install/ex09/include/ex09/ex09/msg/detail/fullname__struct.h
-- Installing: /home/dolganin/ros2_ws/ex09/install/ex09/include/ex09/ex09/msg/detail/fullname__functions.h
-- Installing: /home/dolganin/ros2_ws/ex09/install/ex09/include/ex09/ex09/msg/detail/fullname__functions.c
-- Installing: /home/dolganin/ros2_ws/ex09/install/ex09/include/ex09/ex09/msg/detail/fullname__type_support.h
-- Installing: /home/dolganin/ros2_ws/ex09/install/ex09/include/ex09/ex09/srv
-- Installing: /home/dolganin/ros2_ws/ex09/install/ex09/include/ex09/ex09/srv/detail
-- Installing: /home/dolganin/ros2_ws/ex09/install/ex09/include/ex09/ex09/srv/detail/fullnamesum__functions.c
-- Installing: /home/dolganin/ros2_ws/ex09/install/ex09/include/ex09/ex09/srv/detail/fullnamesum__struct.h
-- Installing: /home/dolganin/ros2_ws/ex09/install/ex09/include/ex09/ex09/srv/detail/fullnamesum__type_support.h
-- Installing: /home/dolganin/ros2_ws/ex09/install/ex09/include/ex09/ex09/srv/detail/fullnamesum__functions.h
-- Installing: /home/dolganin/ros2_ws/ex09/install/ex09/include/ex09/ex09/srv/fullnamesum.h
-- Installing: /home/dolganin/ros2_ws/ex09/install/ex09/share/ex09/environment/library_path.sh
-- Installing: /home/dolganin/ros2_ws/ex09/install/ex09/share/ex09/environment/library_path.dsv
-- Installing: /home/dolganin/ros2_ws/ex09/install/ex09/lib/libex09__rosidl_generator_c.so
-- Set runtime path of "/home/dolganin/ros2_ws/ex09/install/ex09/lib/libex09__rosidl_generator_c.so" to ""
-- Up-to-date: /home/dolganin/ros2_ws/ex09/install/ex09/include/ex09/ex09
-- Up-to-date: /home/dolganin/ros2_ws/ex09/install/ex09/include/ex09/ex09/msg
-- Installing: /home/dolganin/ros2_ws/ex09/install/ex09/include/ex09/ex09/msg/rosidl_typesupport_fastrtps_c__visibility_control.h
-- Up-to-date: /home/dolganin/ros2_ws/ex09/install/ex09/include/ex09/ex09/msg/detail
-- Installing: /home/dolganin/ros2_ws/ex09/install/ex09/include/ex09/ex09/msg/detail/fullname__rosidl_typesupport_fastrtps_c.h
-- Up-to-date: /home/dolganin/ros2_ws/ex09/install/ex09/include/ex09/ex09/srv
-- Up-to-date: /home/dolganin/ros2_ws/ex09/install/ex09/include/ex09/ex09/srv/detail
-- Installing: /home/dolganin/ros2_ws/ex09/install/ex09/include/ex09/ex09/srv/detail/fullnamesum__rosidl_typesupport_fastrtps_c.h
-- Installing: /home/dolganin/ros2_ws/ex09/install/ex09/lib/libex09__rosidl_typesupport_fastrtps_c.so
-- Set runtime path of "/home/dolganin/ros2_ws/ex09/install/ex09/lib/libex09__rosidl_typesupport_fastrtps_c.so" to ""
-- Up-to-date: /home/dolganin/ros2_ws/ex09/install/ex09/include/ex09/ex09
-- Up-to-date: /home/dolganin/ros2_ws/ex09/install/ex09/include/ex09/ex09/msg
-- Up-to-date: /home/dolganin/ros2_ws/ex09/install/ex09/include/ex09/ex09/msg/detail
-- Installing: /home/dolganin/ros2_ws/ex09/install/ex09/include/ex09/ex09/msg/detail/fullname__type_support.c
-- Installing: /home/dolganin/ros2_ws/ex09/install/ex09/include/ex09/ex09/msg/detail/fullname__rosidl_typesupport_introspection_c.h
-- Installing: /home/dolganin/ros2_ws/ex09/install/ex09/include/ex09/ex09/msg/rosidl_typesupport_introspection_c__visibility_control.h
-- Up-to-date: /home/dolganin/ros2_ws/ex09/install/ex09/include/ex09/ex09/srv
-- Up-to-date: /home/dolganin/ros2_ws/ex09/install/ex09/include/ex09/ex09/srv/detail
-- Installing: /home/dolganin/ros2_ws/ex09/install/ex09/include/ex09/ex09/srv/detail/fullnamesum__type_support.c
-- Installing: /home/dolganin/ros2_ws/ex09/install/ex09/include/ex09/ex09/srv/detail/fullnamesum__rosidl_typesupport_introspection_c.h
-- Installing: /home/dolganin/ros2_ws/ex09/install/ex09/lib/libex09__rosidl_typesupport_introspection_c.so
-- Set runtime path of "/home/dolganin/ros2_ws/ex09/install/ex09/lib/libex09__rosidl_typesupport_introspection_c.so" to ""
-- Installing: /home/dolganin/ros2_ws/ex09/install/ex09/lib/libex09__rosidl_typesupport_c.so
-- Set runtime path of "/home/dolganin/ros2_ws/ex09/install/ex09/lib/libex09__rosidl_typesupport_c.so" to ""
-- Up-to-date: /home/dolganin/ros2_ws/ex09/install/ex09/include/ex09/ex09
-- Up-to-date: /home/dolganin/ros2_ws/ex09/install/ex09/include/ex09/ex09/msg
-- Up-to-date: /home/dolganin/ros2_ws/ex09/install/ex09/include/ex09/ex09/msg/detail
-- Installing: /home/dolganin/ros2_ws/ex09/install/ex09/include/ex09/ex09/msg/detail/fullname__struct.hpp
-- Installing: /home/dolganin/ros2_ws/ex09/install/ex09/include/ex09/ex09/msg/detail/fullname__builder.hpp
-- Installing: /home/dolganin/ros2_ws/ex09/install/ex09/include/ex09/ex09/msg/detail/fullname__traits.hpp
-- Installing: /home/dolganin/ros2_ws/ex09/install/ex09/include/ex09/ex09/msg/fullname.hpp
-- Up-to-date: /home/dolganin/ros2_ws/ex09/install/ex09/include/ex09/ex09/srv
-- Up-to-date: /home/dolganin/ros2_ws/ex09/install/ex09/include/ex09/ex09/srv/detail
-- Installing: /home/dolganin/ros2_ws/ex09/install/ex09/include/ex09/ex09/srv/detail/fullnamesum__builder.hpp
-- Installing: /home/dolganin/ros2_ws/ex09/install/ex09/include/ex09/ex09/srv/detail/fullnamesum__struct.hpp
-- Installing: /home/dolganin/ros2_ws/ex09/install/ex09/include/ex09/ex09/srv/detail/fullnamesum__traits.hpp
-- Installing: /home/dolganin/ros2_ws/ex09/install/ex09/include/ex09/ex09/srv/fullnamesum.hpp
-- Up-to-date: /home/dolganin/ros2_ws/ex09/install/ex09/include/ex09/ex09
-- Up-to-date: /home/dolganin/ros2_ws/ex09/install/ex09/include/ex09/ex09/msg
-- Installing: /home/dolganin/ros2_ws/ex09/install/ex09/include/ex09/ex09/msg/rosidl_typesupport_fastrtps_cpp__visibility_control.h
-- Up-to-date: /home/dolganin/ros2_ws/ex09/install/ex09/include/ex09/ex09/msg/detail
-- Installing: /home/dolganin/ros2_ws/ex09/install/ex09/include/ex09/ex09/msg/detail/fullname__rosidl_typesupport_fastrtps_cpp.hpp
-- Installing: /home/dolganin/ros2_ws/ex09/install/ex09/include/ex09/ex09/msg/detail/dds_fastrtps
-- Up-to-date: /home/dolganin/ros2_ws/ex09/install/ex09/include/ex09/ex09/srv
-- Up-to-date: /home/dolganin/ros2_ws/ex09/install/ex09/include/ex09/ex09/srv/detail
-- Installing: /home/dolganin/ros2_ws/ex09/install/ex09/include/ex09/ex09/srv/detail/fullnamesum__rosidl_typesupport_fastrtps_cpp.hpp
-- Installing: /home/dolganin/ros2_ws/ex09/install/ex09/include/ex09/ex09/srv/detail/dds_fastrtps
-- Installing: /home/dolganin/ros2_ws/ex09/install/ex09/lib/libex09__rosidl_typesupport_fastrtps_cpp.so
-- Set runtime path of "/home/dolganin/ros2_ws/ex09/install/ex09/lib/libex09__rosidl_typesupport_fastrtps_cpp.so" to ""
-- Up-to-date: /home/dolganin/ros2_ws/ex09/install/ex09/include/ex09/ex09
-- Up-to-date: /home/dolganin/ros2_ws/ex09/install/ex09/include/ex09/ex09/msg
-- Up-to-date: /home/dolganin/ros2_ws/ex09/install/ex09/include/ex09/ex09/msg/detail
-- Installing: /home/dolganin/ros2_ws/ex09/install/ex09/include/ex09/ex09/msg/detail/fullname__rosidl_typesupport_introspection_cpp.hpp
-- Installing: /home/dolganin/ros2_ws/ex09/install/ex09/include/ex09/ex09/msg/detail/fullname__type_support.cpp
-- Up-to-date: /home/dolganin/ros2_ws/ex09/install/ex09/include/ex09/ex09/srv
-- Up-to-date: /home/dolganin/ros2_ws/ex09/install/ex09/include/ex09/ex09/srv/detail
-- Installing: /home/dolganin/ros2_ws/ex09/install/ex09/include/ex09/ex09/srv/detail/fullnamesum__type_support.cpp
-- Installing: /home/dolganin/ros2_ws/ex09/install/ex09/include/ex09/ex09/srv/detail/fullnamesum__rosidl_typesupport_introspection_cpp.hpp
-- Installing: /home/dolganin/ros2_ws/ex09/install/ex09/lib/libex09__rosidl_typesupport_introspection_cpp.so
-- Set runtime path of "/home/dolganin/ros2_ws/ex09/install/ex09/lib/libex09__rosidl_typesupport_introspection_cpp.so" to ""
-- Installing: /home/dolganin/ros2_ws/ex09/install/ex09/lib/libex09__rosidl_typesupport_cpp.so
-- Set runtime path of "/home/dolganin/ros2_ws/ex09/install/ex09/lib/libex09__rosidl_typesupport_cpp.so" to ""
-- Installing: /home/dolganin/ros2_ws/ex09/install/ex09/share/ex09/environment/pythonpath.sh
-- Installing: /home/dolganin/ros2_ws/ex09/install/ex09/share/ex09/environment/pythonpath.dsv
-- Installing: /home/dolganin/ros2_ws/ex09/install/ex09/local/lib/python3.10/dist-packages/ex09-0.0.0-py3.10.egg-info
-- Installing: /home/dolganin/ros2_ws/ex09/install/ex09/local/lib/python3.10/dist-packages/ex09-0.0.0-py3.10.egg-info/top_level.txt
-- Installing: /home/dolganin/ros2_ws/ex09/install/ex09/local/lib/python3.10/dist-packages/ex09-0.0.0-py3.10.egg-info/PKG-INFO
-- Installing: /home/dolganin/ros2_ws/ex09/install/ex09/local/lib/python3.10/dist-packages/ex09-0.0.0-py3.10.egg-info/dependency_links.txt
-- Installing: /home/dolganin/ros2_ws/ex09/install/ex09/local/lib/python3.10/dist-packages/ex09-0.0.0-py3.10.egg-info/SOURCES.txt
-- Installing: /home/dolganin/ros2_ws/ex09/install/ex09/local/lib/python3.10/dist-packages/ex09
-- Installing: /home/dolganin/ros2_ws/ex09/install/ex09/local/lib/python3.10/dist-packages/ex09/msg
-- Installing: /home/dolganin/ros2_ws/ex09/install/ex09/local/lib/python3.10/dist-packages/ex09/msg/__init__.py
-- Installing: /home/dolganin/ros2_ws/ex09/install/ex09/local/lib/python3.10/dist-packages/ex09/msg/_fullname_s.c
-- Installing: /home/dolganin/ros2_ws/ex09/install/ex09/local/lib/python3.10/dist-packages/ex09/msg/_fullname.py
-- Installing: /home/dolganin/ros2_ws/ex09/install/ex09/local/lib/python3.10/dist-packages/ex09/ex09_s__rosidl_typesupport_c.cpython-310-x86_64-linux-gnu.so
-- Installing: /home/dolganin/ros2_ws/ex09/install/ex09/local/lib/python3.10/dist-packages/ex09/__init__.py
-- Installing: /home/dolganin/ros2_ws/ex09/install/ex09/local/lib/python3.10/dist-packages/ex09/_ex09_s.ep.rosidl_typesupport_fastrtps_c.c
-- Installing: /home/dolganin/ros2_ws/ex09/install/ex09/local/lib/python3.10/dist-packages/ex09/_ex09_s.ep.rosidl_typesupport_c.c
-- Installing: /home/dolganin/ros2_ws/ex09/install/ex09/local/lib/python3.10/dist-packages/ex09/_ex09_s.ep.rosidl_typesupport_introspection_c.c
-- Installing: /home/dolganin/ros2_ws/ex09/install/ex09/local/lib/python3.10/dist-packages/ex09/libex09__rosidl_generator_py.so
-- Installing: /home/dolganin/ros2_ws/ex09/install/ex09/local/lib/python3.10/dist-packages/ex09/ex09_s__rosidl_typesupport_introspection_c.cpython-310-x86_64-linux-gnu.so
-- Installing: /home/dolganin/ros2_ws/ex09/install/ex09/local/lib/python3.10/dist-packages/ex09/srv
-- Installing: /home/dolganin/ros2_ws/ex09/install/ex09/local/lib/python3.10/dist-packages/ex09/srv/__init__.py
-- Installing: /home/dolganin/ros2_ws/ex09/install/ex09/local/lib/python3.10/dist-packages/ex09/srv/_fullnamesum_s.c
-- Installing: /home/dolganin/ros2_ws/ex09/install/ex09/local/lib/python3.10/dist-packages/ex09/srv/_fullnamesum.py
-- Installing: /home/dolganin/ros2_ws/ex09/install/ex09/local/lib/python3.10/dist-packages/ex09/ex09_s__rosidl_typesupport_fastrtps_c.cpython-310-x86_64-linux-gnu.so
Listing '/home/dolganin/ros2_ws/ex09/install/ex09/local/lib/python3.10/dist-packages/ex09'...
Compiling '/home/dolganin/ros2_ws/ex09/install/ex09/local/lib/python3.10/dist-packages/ex09/__init__.py'...
Listing '/home/dolganin/ros2_ws/ex09/install/ex09/local/lib/python3.10/dist-packages/ex09/msg'...
Compiling '/home/dolganin/ros2_ws/ex09/install/ex09/local/lib/python3.10/dist-packages/ex09/msg/__init__.py'...
Compiling '/home/dolganin/ros2_ws/ex09/install/ex09/local/lib/python3.10/dist-packages/ex09/msg/_fullname.py'...
Listing '/home/dolganin/ros2_ws/ex09/install/ex09/local/lib/python3.10/dist-packages/ex09/srv'...
Compiling '/home/dolganin/ros2_ws/ex09/install/ex09/local/lib/python3.10/dist-packages/ex09/srv/__init__.py'...
Compiling '/home/dolganin/ros2_ws/ex09/install/ex09/local/lib/python3.10/dist-packages/ex09/srv/_fullnamesum.py'...
-- Installing: /home/dolganin/ros2_ws/ex09/install/ex09/local/lib/python3.10/dist-packages/ex09/ex09_s__rosidl_typesupport_fastrtps_c.cpython-310-x86_64-linux-gnu.so
-- Set runtime path of "/home/dolganin/ros2_ws/ex09/install/ex09/local/lib/python3.10/dist-packages/ex09/ex09_s__rosidl_typesupport_fastrtps_c.cpython-310-x86_64-linux-gnu.so" to ""
-- Installing: /home/dolganin/ros2_ws/ex09/install/ex09/local/lib/python3.10/dist-packages/ex09/ex09_s__rosidl_typesupport_introspection_c.cpython-310-x86_64-linux-gnu.so
-- Set runtime path of "/home/dolganin/ros2_ws/ex09/install/ex09/local/lib/python3.10/dist-packages/ex09/ex09_s__rosidl_typesupport_introspection_c.cpython-310-x86_64-linux-gnu.so" to ""
-- Installing: /home/dolganin/ros2_ws/ex09/install/ex09/local/lib/python3.10/dist-packages/ex09/ex09_s__rosidl_typesupport_c.cpython-310-x86_64-linux-gnu.so
-- Set runtime path of "/home/dolganin/ros2_ws/ex09/install/ex09/local/lib/python3.10/dist-packages/ex09/ex09_s__rosidl_typesupport_c.cpython-310-x86_64-linux-gnu.so" to ""
-- Installing: /home/dolganin/ros2_ws/ex09/install/ex09/lib/libex09__rosidl_generator_py.so
-- Set runtime path of "/home/dolganin/ros2_ws/ex09/install/ex09/lib/libex09__rosidl_generator_py.so" to ""
-- Installing: /home/dolganin/ros2_ws/ex09/install/ex09/share/ex09/msg/Fullname.idl
-- Installing: /home/dolganin/ros2_ws/ex09/install/ex09/share/ex09/srv/Fullnamesum.idl
-- Installing: /home/dolganin/ros2_ws/ex09/install/ex09/share/ex09/msg/Fullname.msg
-- Installing: /home/dolganin/ros2_ws/ex09/install/ex09/share/ex09/srv/Fullnamesum.srv
-- Installing: /home/dolganin/ros2_ws/ex09/install/ex09/share/ex09/srv/Fullnamesum_Request.msg
-- Installing: /home/dolganin/ros2_ws/ex09/install/ex09/share/ex09/srv/Fullnamesum_Response.msg
-- Installing: /home/dolganin/ros2_ws/ex09/install/ex09/share/ament_index/resource_index/package_run_dependencies/ex09
-- Installing: /home/dolganin/ros2_ws/ex09/install/ex09/share/ament_index/resource_index/parent_prefix_path/ex09
-- Installing: /home/dolganin/ros2_ws/ex09/install/ex09/share/ex09/environment/ament_prefix_path.sh
-- Installing: /home/dolganin/ros2_ws/ex09/install/ex09/share/ex09/environment/ament_prefix_path.dsv
-- Installing: /home/dolganin/ros2_ws/ex09/install/ex09/share/ex09/environment/path.sh
-- Installing: /home/dolganin/ros2_ws/ex09/install/ex09/share/ex09/environment/path.dsv
-- Installing: /home/dolganin/ros2_ws/ex09/install/ex09/share/ex09/local_setup.bash
-- Installing: /home/dolganin/ros2_ws/ex09/install/ex09/share/ex09/local_setup.sh
-- Installing: /home/dolganin/ros2_ws/ex09/install/ex09/share/ex09/local_setup.zsh
-- Installing: /home/dolganin/ros2_ws/ex09/install/ex09/share/ex09/local_setup.dsv
-- Installing: /home/dolganin/ros2_ws/ex09/install/ex09/share/ex09/package.dsv
-- Installing: /home/dolganin/ros2_ws/ex09/install/ex09/share/ament_index/resource_index/packages/ex09
-- Installing: /home/dolganin/ros2_ws/ex09/install/ex09/share/ex09/cmake/export_ex09__rosidl_generator_cExport.cmake
-- Installing: /home/dolganin/ros2_ws/ex09/install/ex09/share/ex09/cmake/export_ex09__rosidl_generator_cExport-noconfig.cmake
-- Installing: /home/dolganin/ros2_ws/ex09/install/ex09/share/ex09/cmake/export_ex09__rosidl_typesupport_fastrtps_cExport.cmake
-- Installing: /home/dolganin/ros2_ws/ex09/install/ex09/share/ex09/cmake/export_ex09__rosidl_typesupport_fastrtps_cExport-noconfig.cmake
-- Installing: /home/dolganin/ros2_ws/ex09/install/ex09/share/ex09/cmake/ex09__rosidl_typesupport_introspection_cExport.cmake
-- Installing: /home/dolganin/ros2_ws/ex09/install/ex09/share/ex09/cmake/ex09__rosidl_typesupport_introspection_cExport-noconfig.cmake
-- Installing: /home/dolganin/ros2_ws/ex09/install/ex09/share/ex09/cmake/ex09__rosidl_typesupport_cExport.cmake
-- Installing: /home/dolganin/ros2_ws/ex09/install/ex09/share/ex09/cmake/ex09__rosidl_typesupport_cExport-noconfig.cmake
-- Installing: /home/dolganin/ros2_ws/ex09/install/ex09/share/ex09/cmake/export_ex09__rosidl_generator_cppExport.cmake
-- Installing: /home/dolganin/ros2_ws/ex09/install/ex09/share/ex09/cmake/export_ex09__rosidl_typesupport_fastrtps_cppExport.cmake
-- Installing: /home/dolganin/ros2_ws/ex09/install/ex09/share/ex09/cmake/export_ex09__rosidl_typesupport_fastrtps_cppExport-noconfig.cmake
-- Installing: /home/dolganin/ros2_ws/ex09/install/ex09/share/ex09/cmake/ex09__rosidl_typesupport_introspection_cppExport.cmake
-- Installing: /home/dolganin/ros2_ws/ex09/install/ex09/share/ex09/cmake/ex09__rosidl_typesupport_introspection_cppExport-noconfig.cmake
-- Installing: /home/dolganin/ros2_ws/ex09/install/ex09/share/ex09/cmake/ex09__rosidl_typesupport_cppExport.cmake
-- Installing: /home/dolganin/ros2_ws/ex09/install/ex09/share/ex09/cmake/ex09__rosidl_typesupport_cppExport-noconfig.cmake
-- Installing: /home/dolganin/ros2_ws/ex09/install/ex09/share/ex09/cmake/export_ex09__rosidl_generator_pyExport.cmake
-- Installing: /home/dolganin/ros2_ws/ex09/install/ex09/share/ex09/cmake/export_ex09__rosidl_generator_pyExport-noconfig.cmake
-- Installing: /home/dolganin/ros2_ws/ex09/install/ex09/share/ex09/cmake/rosidl_cmake-extras.cmake
-- Installing: /home/dolganin/ros2_ws/ex09/install/ex09/share/ex09/cmake/ament_cmake_export_include_directories-extras.cmake
-- Installing: /home/dolganin/ros2_ws/ex09/install/ex09/share/ex09/cmake/ament_cmake_export_libraries-extras.cmake
-- Installing: /home/dolganin/ros2_ws/ex09/install/ex09/share/ex09/cmake/ament_cmake_export_targets-extras.cmake
-- Installing: /home/dolganin/ros2_ws/ex09/install/ex09/share/ex09/cmake/rosidl_cmake_export_typesupport_targets-extras.cmake
-- Installing: /home/dolganin/ros2_ws/ex09/install/ex09/share/ex09/cmake/ament_cmake_export_dependencies-extras.cmake
-- Installing: /home/dolganin/ros2_ws/ex09/install/ex09/share/ex09/cmake/rosidl_cmake_export_typesupport_libraries-extras.cmake
-- Installing: /home/dolganin/ros2_ws/ex09/install/ex09/share/ex09/cmake/ex09Config.cmake
-- Installing: /home/dolganin/ros2_ws/ex09/install/ex09/share/ex09/cmake/ex09Config-version.cmake
-- Installing: /home/dolganin/ros2_ws/ex09/install/ex09/share/ex09/package.xml
