[0.010s] Invoking command in '/home/dolganin/ros2_ws/ex09/build/ex09': CMAKE_PREFIX_PATH=${CMAKE_PREFIX_PATH}:/opt/ros/humble /usr/bin/cmake /home/dolganin/ros2_ws/ex09 -DCMAKE_INSTALL_PREFIX=/home/dolganin/ros2_ws/ex09/install/ex09
[0.016s] -- Found ament_cmake: 1.3.5 (/opt/ros/humble/share/ament_cmake/cmake)
[0.107s] -- Found rosidl_default_generators: 1.2.0 (/opt/ros/humble/share/rosidl_default_generators/cmake)
[0.107s] -- Using all available rosidl_typesupport_c: rosidl_typesupport_fastrtps_c;rosidl_typesupport_introspection_c
[0.109s] -- Found rosidl_adapter: 3.1.5 (/opt/ros/humble/share/rosidl_adapter/cmake)
[0.292s] -- Using all available rosidl_typesupport_cpp: rosidl_typesupport_fastrtps_cpp;rosidl_typesupport_introspection_cpp
[0.468s] -- Found ament_cmake_ros: 0.10.0 (/opt/ros/humble/share/ament_cmake_ros/cmake)
[0.583s] -- Using all available rosidl_typesupport_c: rosidl_typesupport_fastrtps_c;rosidl_typesupport_introspection_c
[0.731s] -- Using all available rosidl_typesupport_cpp: rosidl_typesupport_fastrtps_cpp;rosidl_typesupport_introspection_cpp
[0.929s] -- Found PythonInterp: /usr/bin/python3 (found suitable version "3.10.12", minimum required is "3.6") 
[0.930s] -- Found python_cmake_module: 0.10.0 (/opt/ros/humble/share/python_cmake_module/cmake)
[1.536s] -- Found PythonLibs: /usr/lib/x86_64-linux-gnu/libpython3.10.so (found suitable version "3.10.12", minimum required is "3.5") 
[1.536s] -- Using PYTHON_EXECUTABLE: /usr/bin/python3
[1.536s] -- Using PYTHON_INCLUDE_DIRS: /usr/include/python3.10
[1.536s] -- Using PYTHON_LIBRARIES: /usr/lib/x86_64-linux-gnu/libpython3.10.so
[1.550s] -- Found PythonExtra: .so  
[1.631s] -- Found ament_lint_auto: 0.12.7 (/opt/ros/humble/share/ament_lint_auto/cmake)
[1.647s] -- Added test 'cppcheck' to perform static code analysis on C / C++ code
[1.647s] -- Configured cppcheck include dirs: $<BUILD_INTERFACE:/home/dolganin/ros2_ws/ex09/build/ex09/rosidl_generator_c>;$<BUILD_INTERFACE:/home/dolganin/ros2_ws/ex09/build/ex09/rosidl_typesupport_fastrtps_c>;$<BUILD_INTERFACE:/home/dolganin/ros2_ws/ex09/build/ex09/rosidl_typesupport_introspection_c>;$<BUILD_INTERFACE:/home/dolganin/ros2_ws/ex09/build/ex09/rosidl_generator_cpp>;$<BUILD_INTERFACE:/home/dolganin/ros2_ws/ex09/build/ex09/rosidl_typesupport_fastrtps_cpp>;$<BUILD_INTERFACE:/home/dolganin/ros2_ws/ex09/build/ex09/rosidl_typesupport_introspection_cpp>;/home/dolganin/ros2_ws/ex09/build/ex09/rosidl_generator_c;/home/dolganin/ros2_ws/ex09/build/ex09/rosidl_generator_py
[1.647s] -- Configured cppcheck exclude dirs and/or files: 
[1.648s] -- Added test 'flake8' to check Python code syntax and style conventions
[1.649s] -- Added test 'lint_cmake' to check CMake code style
[1.650s] -- Added test 'pep257' to check Python code against some of the docstring style conventions in PEP 257
[1.654s] -- Added test 'uncrustify' to check C / C++ code style
[1.654s] -- Configured uncrustify additional arguments: 
[1.655s] -- Added test 'xmllint' to check XML markup files
[1.657s] -- Configuring done
[1.681s] -- Generating done
[1.682s] -- Build files have been written to: /home/dolganin/ros2_ws/ex09/build/ex09
[1.688s] Invoked command in '/home/dolganin/ros2_ws/ex09/build/ex09' returned '0': CMAKE_PREFIX_PATH=${CMAKE_PREFIX_PATH}:/opt/ros/humble /usr/bin/cmake /home/dolganin/ros2_ws/ex09 -DCMAKE_INSTALL_PREFIX=/home/dolganin/ros2_ws/ex09/install/ex09
[1.690s] Invoking command in '/home/dolganin/ros2_ws/ex09/build/ex09': CMAKE_PREFIX_PATH=${CMAKE_PREFIX_PATH}:/opt/ros/humble /usr/bin/cmake --build /home/dolganin/ros2_ws/ex09/build/ex09 -- -j12 -l12
[1.710s] [  2%] [34m[1mGenerating C code for ROS interfaces[0m
[1.716s] [  5%] [34m[1mGenerating C++ code for ROS interfaces[0m
[1.721s] [  5%] Built target ament_cmake_python_copy_ex09
[1.900s] running egg_info
[1.900s] creating ex09.egg-info
[1.900s] writing ex09.egg-info/PKG-INFO
[1.900s] writing dependency_links to ex09.egg-info/dependency_links.txt
[1.900s] writing top-level names to ex09.egg-info/top_level.txt
[1.901s] writing manifest file 'ex09.egg-info/SOURCES.txt'
[1.902s] reading manifest file 'ex09.egg-info/SOURCES.txt'
[1.903s] writing manifest file 'ex09.egg-info/SOURCES.txt'
[1.924s] [  5%] Built target ament_cmake_python_build_ex09_egg
[1.950s] [  7%] [32mBuilding C object CMakeFiles/ex09__rosidl_generator_c.dir/rosidl_generator_c/ex09/srv/detail/fullnamesum__functions.c.o[0m
[1.951s] [ 10%] [32mBuilding C object CMakeFiles/ex09__rosidl_generator_c.dir/rosidl_generator_c/ex09/msg/detail/fullname__functions.c.o[0m
[1.955s] [ 10%] Built target ex09__cpp
[1.961s] [ 17%] [34m[1mGenerating C++ type support dispatch for ROS interfaces[0m
[1.962s] [ 17%] [34m[1mGenerating C++ type support for eProsima Fast-RTPS[0m
[1.962s] [ 17%] [34m[1mGenerating C++ introspection for ROS interfaces[0m
[2.002s] [ 20%] [32m[1mLinking C shared library libex09__rosidl_generator_c.so[0m
[2.160s] [ 20%] Built target ex09__rosidl_generator_c
[2.160s] [ 25%] [32mBuilding CXX object CMakeFiles/ex09__rosidl_typesupport_cpp.dir/rosidl_typesupport_cpp/ex09/msg/fullname__type_support.cpp.o[0m
[2.160s] [ 25%] [32mBuilding CXX object CMakeFiles/ex09__rosidl_typesupport_cpp.dir/rosidl_typesupport_cpp/ex09/srv/fullnamesum__type_support.cpp.o[0m
[2.167s] [ 33%] [34m[1mGenerating C type support dispatch for ROS interfaces[0m
[2.168s] [ 33%] [34m[1mGenerating C type support for eProsima Fast-RTPS[0m
[2.168s] [ 33%] [34m[1mGenerating C introspection for ROS interfaces[0m
[2.186s] [ 35%] [32mBuilding CXX object CMakeFiles/ex09__rosidl_typesupport_introspection_cpp.dir/rosidl_typesupport_introspection_cpp/ex09/srv/detail/fullnamesum__type_support.cpp.o[0m
[2.186s] [ 38%] [32mBuilding CXX object CMakeFiles/ex09__rosidl_typesupport_introspection_cpp.dir/rosidl_typesupport_introspection_cpp/ex09/msg/detail/fullname__type_support.cpp.o[0m
[2.223s] [ 41%] [32mBuilding CXX object CMakeFiles/ex09__rosidl_typesupport_fastrtps_cpp.dir/rosidl_typesupport_fastrtps_cpp/ex09/msg/detail/dds_fastrtps/fullname__type_support.cpp.o[0m
[2.231s] [ 43%] [32mBuilding CXX object CMakeFiles/ex09__rosidl_typesupport_fastrtps_cpp.dir/rosidl_typesupport_fastrtps_cpp/ex09/srv/detail/dds_fastrtps/fullnamesum__type_support.cpp.o[0m
[2.511s] [ 48%] [32mBuilding CXX object CMakeFiles/ex09__rosidl_typesupport_fastrtps_c.dir/rosidl_typesupport_fastrtps_c/ex09/srv/detail/fullnamesum__type_support_c.cpp.o[0m
[2.511s] [ 48%] [32mBuilding CXX object CMakeFiles/ex09__rosidl_typesupport_fastrtps_c.dir/rosidl_typesupport_fastrtps_c/ex09/msg/detail/fullname__type_support_c.cpp.o[0m
[2.516s] [ 51%] [32mBuilding CXX object CMakeFiles/ex09__rosidl_typesupport_c.dir/rosidl_typesupport_c/ex09/msg/fullname__type_support.cpp.o[0m
[2.517s] [ 53%] [32mBuilding CXX object CMakeFiles/ex09__rosidl_typesupport_c.dir/rosidl_typesupport_c/ex09/srv/fullnamesum__type_support.cpp.o[0m
[2.555s] [ 56%] [32m[1mLinking CXX shared library libex09__rosidl_typesupport_c.so[0m
[2.567s] [ 58%] [32m[1mLinking CXX shared library libex09__rosidl_typesupport_cpp.so[0m
[2.622s] [ 64%] [32mBuilding C object CMakeFiles/ex09__rosidl_typesupport_introspection_c.dir/rosidl_typesupport_introspection_c/ex09/srv/detail/fullnamesum__type_support.c.o[0m
[2.622s] [ 64%] [32mBuilding C object CMakeFiles/ex09__rosidl_typesupport_introspection_c.dir/rosidl_typesupport_introspection_c/ex09/msg/detail/fullname__type_support.c.o[0m
[2.681s] [ 66%] [32m[1mLinking C shared library libex09__rosidl_typesupport_introspection_c.so[0m
[2.778s] [ 69%] [32m[1mLinking CXX shared library libex09__rosidl_typesupport_introspection_cpp.so[0m
[2.783s] [ 69%] Built target ex09__rosidl_typesupport_cpp
[2.789s] [ 69%] Built target ex09__rosidl_typesupport_c
[2.818s] [ 71%] [32m[1mLinking CXX shared library libex09__rosidl_typesupport_fastrtps_cpp.so[0m
[2.861s] [ 71%] Built target ex09__rosidl_typesupport_introspection_c
[2.934s] [ 74%] [32m[1mLinking CXX shared library libex09__rosidl_typesupport_fastrtps_c.so[0m
[2.990s] [ 74%] Built target ex09__rosidl_typesupport_introspection_cpp
[3.028s] [ 74%] Built target ex09__rosidl_typesupport_fastrtps_cpp
[3.107s] [ 74%] Built target ex09__rosidl_typesupport_fastrtps_c
[3.116s] [ 74%] Built target ex09
[3.126s] [ 76%] [34m[1mGenerating Python code for ROS interfaces[0m
[3.401s] [ 76%] Built target ex09__py
[3.411s] [ 82%] [32mBuilding C object CMakeFiles/ex09__rosidl_generator_py.dir/rosidl_generator_py/ex09/msg/_fullname_s.c.o[0m
[3.411s] [ 82%] [32mBuilding C object CMakeFiles/ex09__rosidl_generator_py.dir/rosidl_generator_py/ex09/srv/_fullnamesum_s.c.o[0m
[3.484s] [ 84%] [32m[1mLinking C shared library rosidl_generator_py/ex09/libex09__rosidl_generator_py.so[0m
[3.629s] [ 84%] Built target ex09__rosidl_generator_py
[3.640s] [ 89%] [32mBuilding C object CMakeFiles/ex09__rosidl_typesupport_fastrtps_c__pyext.dir/rosidl_generator_py/ex09/_ex09_s.ep.rosidl_typesupport_fastrtps_c.c.o[0m
[3.640s] [ 89%] [32mBuilding C object CMakeFiles/ex09__rosidl_typesupport_introspection_c__pyext.dir/rosidl_generator_py/ex09/_ex09_s.ep.rosidl_typesupport_introspection_c.c.o[0m
[3.640s] [ 92%] [32mBuilding C object CMakeFiles/ex09__rosidl_typesupport_c__pyext.dir/rosidl_generator_py/ex09/_ex09_s.ep.rosidl_typesupport_c.c.o[0m
[3.701s] [ 94%] [32m[1mLinking C shared library rosidl_generator_py/ex09/ex09_s__rosidl_typesupport_fastrtps_c.cpython-310-x86_64-linux-gnu.so[0m
[3.701s] [100%] [32m[1mLinking C shared library rosidl_generator_py/ex09/ex09_s__rosidl_typesupport_c.cpython-310-x86_64-linux-gnu.so[0m
[3.701s] [100%] [32m[1mLinking C shared library rosidl_generator_py/ex09/ex09_s__rosidl_typesupport_introspection_c.cpython-310-x86_64-linux-gnu.so[0m
[3.812s] [100%] Built target ex09__rosidl_typesupport_fastrtps_c__pyext
[3.812s] [100%] Built target ex09__rosidl_typesupport_c__pyext
[3.857s] [100%] Built target ex09__rosidl_typesupport_introspection_c__pyext
[3.864s] Invoked command in '/home/dolganin/ros2_ws/ex09/build/ex09' returned '0': CMAKE_PREFIX_PATH=${CMAKE_PREFIX_PATH}:/opt/ros/humble /usr/bin/cmake --build /home/dolganin/ros2_ws/ex09/build/ex09 -- -j12 -l12
[3.912s] Invoking command in '/home/dolganin/ros2_ws/ex09/build/ex09': CMAKE_PREFIX_PATH=${CMAKE_PREFIX_PATH}:/opt/ros/humble /usr/bin/cmake --install /home/dolganin/ros2_ws/ex09/build/ex09
[3.916s] -- Install configuration: ""
[3.917s] -- Installing: /home/dolganin/ros2_ws/ex09/install/ex09/share/ament_index/resource_index/rosidl_interfaces/ex09
[3.917s] -- Installing: /home/dolganin/ros2_ws/ex09/install/ex09/include/ex09/ex09
[3.917s] -- Installing: /home/dolganin/ros2_ws/ex09/install/ex09/include/ex09/ex09/msg
[3.917s] -- Installing: /home/dolganin/ros2_ws/ex09/install/ex09/include/ex09/ex09/msg/fullname.h
[3.917s] -- Installing: /home/dolganin/ros2_ws/ex09/install/ex09/include/ex09/ex09/msg/rosidl_generator_c__visibility_control.h
[3.918s] -- Installing: /home/dolganin/ros2_ws/ex09/install/ex09/include/ex09/ex09/msg/detail
[3.918s] -- Installing: /home/dolganin/ros2_ws/ex09/install/ex09/include/ex09/ex09/msg/detail/fullname__struct.h
[3.918s] -- Installing: /home/dolganin/ros2_ws/ex09/install/ex09/include/ex09/ex09/msg/detail/fullname__functions.h
[3.918s] -- Installing: /home/dolganin/ros2_ws/ex09/install/ex09/include/ex09/ex09/msg/detail/fullname__functions.c
[3.918s] -- Installing: /home/dolganin/ros2_ws/ex09/install/ex09/include/ex09/ex09/msg/detail/fullname__type_support.h
[3.918s] -- Installing: /home/dolganin/ros2_ws/ex09/install/ex09/include/ex09/ex09/srv
[3.918s] -- Installing: /home/dolganin/ros2_ws/ex09/install/ex09/include/ex09/ex09/srv/detail
[3.918s] -- Installing: /home/dolganin/ros2_ws/ex09/install/ex09/include/ex09/ex09/srv/detail/fullnamesum__functions.c
[3.918s] -- Installing: /home/dolganin/ros2_ws/ex09/install/ex09/include/ex09/ex09/srv/detail/fullnamesum__struct.h
[3.918s] -- Installing: /home/dolganin/ros2_ws/ex09/install/ex09/include/ex09/ex09/srv/detail/fullnamesum__type_support.h
[3.919s] -- Installing: /home/dolganin/ros2_ws/ex09/install/ex09/include/ex09/ex09/srv/detail/fullnamesum__functions.h
[3.919s] -- Installing: /home/dolganin/ros2_ws/ex09/install/ex09/include/ex09/ex09/srv/fullnamesum.h
[3.919s] -- Installing: /home/dolganin/ros2_ws/ex09/install/ex09/share/ex09/environment/library_path.sh
[3.919s] -- Installing: /home/dolganin/ros2_ws/ex09/install/ex09/share/ex09/environment/library_path.dsv
[3.919s] -- Installing: /home/dolganin/ros2_ws/ex09/install/ex09/lib/libex09__rosidl_generator_c.so
[3.919s] -- Set runtime path of "/home/dolganin/ros2_ws/ex09/install/ex09/lib/libex09__rosidl_generator_c.so" to ""
[3.919s] -- Up-to-date: /home/dolganin/ros2_ws/ex09/install/ex09/include/ex09/ex09
[3.919s] -- Up-to-date: /home/dolganin/ros2_ws/ex09/install/ex09/include/ex09/ex09/msg
[3.919s] -- Installing: /home/dolganin/ros2_ws/ex09/install/ex09/include/ex09/ex09/msg/rosidl_typesupport_fastrtps_c__visibility_control.h
[3.920s] -- Up-to-date: /home/dolganin/ros2_ws/ex09/install/ex09/include/ex09/ex09/msg/detail
[3.920s] -- Installing: /home/dolganin/ros2_ws/ex09/install/ex09/include/ex09/ex09/msg/detail/fullname__rosidl_typesupport_fastrtps_c.h
[3.920s] -- Up-to-date: /home/dolganin/ros2_ws/ex09/install/ex09/include/ex09/ex09/srv
[3.920s] -- Up-to-date: /home/dolganin/ros2_ws/ex09/install/ex09/include/ex09/ex09/srv/detail
[3.920s] -- Installing: /home/dolganin/ros2_ws/ex09/install/ex09/include/ex09/ex09/srv/detail/fullnamesum__rosidl_typesupport_fastrtps_c.h
[3.920s] -- Installing: /home/dolganin/ros2_ws/ex09/install/ex09/lib/libex09__rosidl_typesupport_fastrtps_c.so
[3.920s] -- Set runtime path of "/home/dolganin/ros2_ws/ex09/install/ex09/lib/libex09__rosidl_typesupport_fastrtps_c.so" to ""
[3.920s] -- Up-to-date: /home/dolganin/ros2_ws/ex09/install/ex09/include/ex09/ex09
[3.920s] -- Up-to-date: /home/dolganin/ros2_ws/ex09/install/ex09/include/ex09/ex09/msg
[3.920s] -- Up-to-date: /home/dolganin/ros2_ws/ex09/install/ex09/include/ex09/ex09/msg/detail
[3.920s] -- Installing: /home/dolganin/ros2_ws/ex09/install/ex09/include/ex09/ex09/msg/detail/fullname__type_support.c
[3.921s] -- Installing: /home/dolganin/ros2_ws/ex09/install/ex09/include/ex09/ex09/msg/detail/fullname__rosidl_typesupport_introspection_c.h
[3.921s] -- Installing: /home/dolganin/ros2_ws/ex09/install/ex09/include/ex09/ex09/msg/rosidl_typesupport_introspection_c__visibility_control.h
[3.921s] -- Up-to-date: /home/dolganin/ros2_ws/ex09/install/ex09/include/ex09/ex09/srv
[3.921s] -- Up-to-date: /home/dolganin/ros2_ws/ex09/install/ex09/include/ex09/ex09/srv/detail
[3.921s] -- Installing: /home/dolganin/ros2_ws/ex09/install/ex09/include/ex09/ex09/srv/detail/fullnamesum__type_support.c
[3.921s] -- Installing: /home/dolganin/ros2_ws/ex09/install/ex09/include/ex09/ex09/srv/detail/fullnamesum__rosidl_typesupport_introspection_c.h
[3.921s] -- Installing: /home/dolganin/ros2_ws/ex09/install/ex09/lib/libex09__rosidl_typesupport_introspection_c.so
[3.921s] -- Set runtime path of "/home/dolganin/ros2_ws/ex09/install/ex09/lib/libex09__rosidl_typesupport_introspection_c.so" to ""
[3.921s] -- Installing: /home/dolganin/ros2_ws/ex09/install/ex09/lib/libex09__rosidl_typesupport_c.so
[3.922s] -- Set runtime path of "/home/dolganin/ros2_ws/ex09/install/ex09/lib/libex09__rosidl_typesupport_c.so" to ""
[3.922s] -- Up-to-date: /home/dolganin/ros2_ws/ex09/install/ex09/include/ex09/ex09
[3.922s] -- Up-to-date: /home/dolganin/ros2_ws/ex09/install/ex09/include/ex09/ex09/msg
[3.922s] -- Up-to-date: /home/dolganin/ros2_ws/ex09/install/ex09/include/ex09/ex09/msg/detail
[3.922s] -- Installing: /home/dolganin/ros2_ws/ex09/install/ex09/include/ex09/ex09/msg/detail/fullname__struct.hpp
[3.922s] -- Installing: /home/dolganin/ros2_ws/ex09/install/ex09/include/ex09/ex09/msg/detail/fullname__builder.hpp
[3.922s] -- Installing: /home/dolganin/ros2_ws/ex09/install/ex09/include/ex09/ex09/msg/detail/fullname__traits.hpp
[3.922s] -- Installing: /home/dolganin/ros2_ws/ex09/install/ex09/include/ex09/ex09/msg/fullname.hpp
[3.922s] -- Up-to-date: /home/dolganin/ros2_ws/ex09/install/ex09/include/ex09/ex09/srv
[3.922s] -- Up-to-date: /home/dolganin/ros2_ws/ex09/install/ex09/include/ex09/ex09/srv/detail
[3.922s] -- Installing: /home/dolganin/ros2_ws/ex09/install/ex09/include/ex09/ex09/srv/detail/fullnamesum__builder.hpp
[3.923s] -- Installing: /home/dolganin/ros2_ws/ex09/install/ex09/include/ex09/ex09/srv/detail/fullnamesum__struct.hpp
[3.923s] -- Installing: /home/dolganin/ros2_ws/ex09/install/ex09/include/ex09/ex09/srv/detail/fullnamesum__traits.hpp
[3.923s] -- Installing: /home/dolganin/ros2_ws/ex09/install/ex09/include/ex09/ex09/srv/fullnamesum.hpp
[3.923s] -- Up-to-date: /home/dolganin/ros2_ws/ex09/install/ex09/include/ex09/ex09
[3.923s] -- Up-to-date: /home/dolganin/ros2_ws/ex09/install/ex09/include/ex09/ex09/msg
[3.923s] -- Installing: /home/dolganin/ros2_ws/ex09/install/ex09/include/ex09/ex09/msg/rosidl_typesupport_fastrtps_cpp__visibility_control.h
[3.923s] -- Up-to-date: /home/dolganin/ros2_ws/ex09/install/ex09/include/ex09/ex09/msg/detail
[3.923s] -- Installing: /home/dolganin/ros2_ws/ex09/install/ex09/include/ex09/ex09/msg/detail/fullname__rosidl_typesupport_fastrtps_cpp.hpp
[3.923s] -- Installing: /home/dolganin/ros2_ws/ex09/install/ex09/include/ex09/ex09/msg/detail/dds_fastrtps
[3.924s] -- Up-to-date: /home/dolganin/ros2_ws/ex09/install/ex09/include/ex09/ex09/srv
[3.924s] -- Up-to-date: /home/dolganin/ros2_ws/ex09/install/ex09/include/ex09/ex09/srv/detail
[3.924s] -- Installing: /home/dolganin/ros2_ws/ex09/install/ex09/include/ex09/ex09/srv/detail/fullnamesum__rosidl_typesupport_fastrtps_cpp.hpp
[3.924s] -- Installing: /home/dolganin/ros2_ws/ex09/install/ex09/include/ex09/ex09/srv/detail/dds_fastrtps
[3.924s] -- Installing: /home/dolganin/ros2_ws/ex09/install/ex09/lib/libex09__rosidl_typesupport_fastrtps_cpp.so
[3.924s] -- Set runtime path of "/home/dolganin/ros2_ws/ex09/install/ex09/lib/libex09__rosidl_typesupport_fastrtps_cpp.so" to ""
[3.924s] -- Up-to-date: /home/dolganin/ros2_ws/ex09/install/ex09/include/ex09/ex09
[3.924s] -- Up-to-date: /home/dolganin/ros2_ws/ex09/install/ex09/include/ex09/ex09/msg
[3.924s] -- Up-to-date: /home/dolganin/ros2_ws/ex09/install/ex09/include/ex09/ex09/msg/detail
[3.924s] -- Installing: /home/dolganin/ros2_ws/ex09/install/ex09/include/ex09/ex09/msg/detail/fullname__rosidl_typesupport_introspection_cpp.hpp
[3.924s] -- Installing: /home/dolganin/ros2_ws/ex09/install/ex09/include/ex09/ex09/msg/detail/fullname__type_support.cpp
[3.925s] -- Up-to-date: /home/dolganin/ros2_ws/ex09/install/ex09/include/ex09/ex09/srv
[3.925s] -- Up-to-date: /home/dolganin/ros2_ws/ex09/install/ex09/include/ex09/ex09/srv/detail
[3.925s] -- Installing: /home/dolganin/ros2_ws/ex09/install/ex09/include/ex09/ex09/srv/detail/fullnamesum__type_support.cpp
[3.925s] -- Installing: /home/dolganin/ros2_ws/ex09/install/ex09/include/ex09/ex09/srv/detail/fullnamesum__rosidl_typesupport_introspection_cpp.hpp
[3.925s] -- Installing: /home/dolganin/ros2_ws/ex09/install/ex09/lib/libex09__rosidl_typesupport_introspection_cpp.so
[3.925s] -- Set runtime path of "/home/dolganin/ros2_ws/ex09/install/ex09/lib/libex09__rosidl_typesupport_introspection_cpp.so" to ""
[3.925s] -- Installing: /home/dolganin/ros2_ws/ex09/install/ex09/lib/libex09__rosidl_typesupport_cpp.so
[3.925s] -- Set runtime path of "/home/dolganin/ros2_ws/ex09/install/ex09/lib/libex09__rosidl_typesupport_cpp.so" to ""
[3.925s] -- Installing: /home/dolganin/ros2_ws/ex09/install/ex09/share/ex09/environment/pythonpath.sh
[3.926s] -- Installing: /home/dolganin/ros2_ws/ex09/install/ex09/share/ex09/environment/pythonpath.dsv
[3.926s] -- Installing: /home/dolganin/ros2_ws/ex09/install/ex09/local/lib/python3.10/dist-packages/ex09-0.0.0-py3.10.egg-info
[3.926s] -- Installing: /home/dolganin/ros2_ws/ex09/install/ex09/local/lib/python3.10/dist-packages/ex09-0.0.0-py3.10.egg-info/top_level.txt
[3.926s] -- Installing: /home/dolganin/ros2_ws/ex09/install/ex09/local/lib/python3.10/dist-packages/ex09-0.0.0-py3.10.egg-info/PKG-INFO
[3.926s] -- Installing: /home/dolganin/ros2_ws/ex09/install/ex09/local/lib/python3.10/dist-packages/ex09-0.0.0-py3.10.egg-info/dependency_links.txt
[3.926s] -- Installing: /home/dolganin/ros2_ws/ex09/install/ex09/local/lib/python3.10/dist-packages/ex09-0.0.0-py3.10.egg-info/SOURCES.txt
[3.926s] -- Installing: /home/dolganin/ros2_ws/ex09/install/ex09/local/lib/python3.10/dist-packages/ex09
[3.926s] -- Installing: /home/dolganin/ros2_ws/ex09/install/ex09/local/lib/python3.10/dist-packages/ex09/msg
[3.926s] -- Installing: /home/dolganin/ros2_ws/ex09/install/ex09/local/lib/python3.10/dist-packages/ex09/msg/__init__.py
[3.926s] -- Installing: /home/dolganin/ros2_ws/ex09/install/ex09/local/lib/python3.10/dist-packages/ex09/msg/_fullname_s.c
[3.926s] -- Installing: /home/dolganin/ros2_ws/ex09/install/ex09/local/lib/python3.10/dist-packages/ex09/msg/_fullname.py
[3.926s] -- Installing: /home/dolganin/ros2_ws/ex09/install/ex09/local/lib/python3.10/dist-packages/ex09/ex09_s__rosidl_typesupport_c.cpython-310-x86_64-linux-gnu.so
[3.926s] -- Installing: /home/dolganin/ros2_ws/ex09/install/ex09/local/lib/python3.10/dist-packages/ex09/__init__.py
[3.926s] -- Installing: /home/dolganin/ros2_ws/ex09/install/ex09/local/lib/python3.10/dist-packages/ex09/_ex09_s.ep.rosidl_typesupport_fastrtps_c.c
[3.926s] -- Installing: /home/dolganin/ros2_ws/ex09/install/ex09/local/lib/python3.10/dist-packages/ex09/_ex09_s.ep.rosidl_typesupport_c.c
[3.926s] -- Installing: /home/dolganin/ros2_ws/ex09/install/ex09/local/lib/python3.10/dist-packages/ex09/_ex09_s.ep.rosidl_typesupport_introspection_c.c
[3.926s] -- Installing: /home/dolganin/ros2_ws/ex09/install/ex09/local/lib/python3.10/dist-packages/ex09/libex09__rosidl_generator_py.so
[3.926s] -- Installing: /home/dolganin/ros2_ws/ex09/install/ex09/local/lib/python3.10/dist-packages/ex09/ex09_s__rosidl_typesupport_introspection_c.cpython-310-x86_64-linux-gnu.so
[3.926s] -- Installing: /home/dolganin/ros2_ws/ex09/install/ex09/local/lib/python3.10/dist-packages/ex09/srv
[3.926s] -- Installing: /home/dolganin/ros2_ws/ex09/install/ex09/local/lib/python3.10/dist-packages/ex09/srv/__init__.py
[3.926s] -- Installing: /home/dolganin/ros2_ws/ex09/install/ex09/local/lib/python3.10/dist-packages/ex09/srv/_fullnamesum_s.c
[3.926s] -- Installing: /home/dolganin/ros2_ws/ex09/install/ex09/local/lib/python3.10/dist-packages/ex09/srv/_fullnamesum.py
[3.926s] -- Installing: /home/dolganin/ros2_ws/ex09/install/ex09/local/lib/python3.10/dist-packages/ex09/ex09_s__rosidl_typesupport_fastrtps_c.cpython-310-x86_64-linux-gnu.so
[3.949s] Listing '/home/dolganin/ros2_ws/ex09/install/ex09/local/lib/python3.10/dist-packages/ex09'...
[3.949s] Compiling '/home/dolganin/ros2_ws/ex09/install/ex09/local/lib/python3.10/dist-packages/ex09/__init__.py'...
[3.949s] Listing '/home/dolganin/ros2_ws/ex09/install/ex09/local/lib/python3.10/dist-packages/ex09/msg'...
[3.949s] Compiling '/home/dolganin/ros2_ws/ex09/install/ex09/local/lib/python3.10/dist-packages/ex09/msg/__init__.py'...
[3.949s] Compiling '/home/dolganin/ros2_ws/ex09/install/ex09/local/lib/python3.10/dist-packages/ex09/msg/_fullname.py'...
[3.949s] Listing '/home/dolganin/ros2_ws/ex09/install/ex09/local/lib/python3.10/dist-packages/ex09/srv'...
[3.949s] Compiling '/home/dolganin/ros2_ws/ex09/install/ex09/local/lib/python3.10/dist-packages/ex09/srv/__init__.py'...
[3.949s] Compiling '/home/dolganin/ros2_ws/ex09/install/ex09/local/lib/python3.10/dist-packages/ex09/srv/_fullnamesum.py'...
[3.952s] -- Installing: /home/dolganin/ros2_ws/ex09/install/ex09/local/lib/python3.10/dist-packages/ex09/ex09_s__rosidl_typesupport_fastrtps_c.cpython-310-x86_64-linux-gnu.so
[3.953s] -- Set runtime path of "/home/dolganin/ros2_ws/ex09/install/ex09/local/lib/python3.10/dist-packages/ex09/ex09_s__rosidl_typesupport_fastrtps_c.cpython-310-x86_64-linux-gnu.so" to ""
[3.953s] -- Installing: /home/dolganin/ros2_ws/ex09/install/ex09/local/lib/python3.10/dist-packages/ex09/ex09_s__rosidl_typesupport_introspection_c.cpython-310-x86_64-linux-gnu.so
[3.953s] -- Set runtime path of "/home/dolganin/ros2_ws/ex09/install/ex09/local/lib/python3.10/dist-packages/ex09/ex09_s__rosidl_typesupport_introspection_c.cpython-310-x86_64-linux-gnu.so" to ""
[3.953s] -- Installing: /home/dolganin/ros2_ws/ex09/install/ex09/local/lib/python3.10/dist-packages/ex09/ex09_s__rosidl_typesupport_c.cpython-310-x86_64-linux-gnu.so
[3.953s] -- Set runtime path of "/home/dolganin/ros2_ws/ex09/install/ex09/local/lib/python3.10/dist-packages/ex09/ex09_s__rosidl_typesupport_c.cpython-310-x86_64-linux-gnu.so" to ""
[3.953s] -- Installing: /home/dolganin/ros2_ws/ex09/install/ex09/lib/libex09__rosidl_generator_py.so
[3.954s] -- Set runtime path of "/home/dolganin/ros2_ws/ex09/install/ex09/lib/libex09__rosidl_generator_py.so" to ""
[3.954s] -- Installing: /home/dolganin/ros2_ws/ex09/install/ex09/share/ex09/msg/Fullname.idl
[3.954s] -- Installing: /home/dolganin/ros2_ws/ex09/install/ex09/share/ex09/srv/Fullnamesum.idl
[3.954s] -- Installing: /home/dolganin/ros2_ws/ex09/install/ex09/share/ex09/msg/Fullname.msg
[3.954s] -- Installing: /home/dolganin/ros2_ws/ex09/install/ex09/share/ex09/srv/Fullnamesum.srv
[3.954s] -- Installing: /home/dolganin/ros2_ws/ex09/install/ex09/share/ex09/srv/Fullnamesum_Request.msg
[3.954s] -- Installing: /home/dolganin/ros2_ws/ex09/install/ex09/share/ex09/srv/Fullnamesum_Response.msg
[3.955s] -- Installing: /home/dolganin/ros2_ws/ex09/install/ex09/share/ament_index/resource_index/package_run_dependencies/ex09
[3.955s] -- Installing: /home/dolganin/ros2_ws/ex09/install/ex09/share/ament_index/resource_index/parent_prefix_path/ex09
[3.955s] -- Installing: /home/dolganin/ros2_ws/ex09/install/ex09/share/ex09/environment/ament_prefix_path.sh
[3.955s] -- Installing: /home/dolganin/ros2_ws/ex09/install/ex09/share/ex09/environment/ament_prefix_path.dsv
[3.955s] -- Installing: /home/dolganin/ros2_ws/ex09/install/ex09/share/ex09/environment/path.sh
[3.955s] -- Installing: /home/dolganin/ros2_ws/ex09/install/ex09/share/ex09/environment/path.dsv
[3.955s] -- Installing: /home/dolganin/ros2_ws/ex09/install/ex09/share/ex09/local_setup.bash
[3.956s] -- Installing: /home/dolganin/ros2_ws/ex09/install/ex09/share/ex09/local_setup.sh
[3.956s] -- Installing: /home/dolganin/ros2_ws/ex09/install/ex09/share/ex09/local_setup.zsh
[3.956s] -- Installing: /home/dolganin/ros2_ws/ex09/install/ex09/share/ex09/local_setup.dsv
[3.956s] -- Installing: /home/dolganin/ros2_ws/ex09/install/ex09/share/ex09/package.dsv
[3.956s] -- Installing: /home/dolganin/ros2_ws/ex09/install/ex09/share/ament_index/resource_index/packages/ex09
[3.956s] -- Installing: /home/dolganin/ros2_ws/ex09/install/ex09/share/ex09/cmake/export_ex09__rosidl_generator_cExport.cmake
[3.956s] -- Installing: /home/dolganin/ros2_ws/ex09/install/ex09/share/ex09/cmake/export_ex09__rosidl_generator_cExport-noconfig.cmake
[3.956s] -- Installing: /home/dolganin/ros2_ws/ex09/install/ex09/share/ex09/cmake/export_ex09__rosidl_typesupport_fastrtps_cExport.cmake
[3.956s] -- Installing: /home/dolganin/ros2_ws/ex09/install/ex09/share/ex09/cmake/export_ex09__rosidl_typesupport_fastrtps_cExport-noconfig.cmake
[3.957s] -- Installing: /home/dolganin/ros2_ws/ex09/install/ex09/share/ex09/cmake/ex09__rosidl_typesupport_introspection_cExport.cmake
[3.957s] -- Installing: /home/dolganin/ros2_ws/ex09/install/ex09/share/ex09/cmake/ex09__rosidl_typesupport_introspection_cExport-noconfig.cmake
[3.957s] -- Installing: /home/dolganin/ros2_ws/ex09/install/ex09/share/ex09/cmake/ex09__rosidl_typesupport_cExport.cmake
[3.957s] -- Installing: /home/dolganin/ros2_ws/ex09/install/ex09/share/ex09/cmake/ex09__rosidl_typesupport_cExport-noconfig.cmake
[3.957s] -- Installing: /home/dolganin/ros2_ws/ex09/install/ex09/share/ex09/cmake/export_ex09__rosidl_generator_cppExport.cmake
[3.957s] -- Installing: /home/dolganin/ros2_ws/ex09/install/ex09/share/ex09/cmake/export_ex09__rosidl_typesupport_fastrtps_cppExport.cmake
[3.957s] -- Installing: /home/dolganin/ros2_ws/ex09/install/ex09/share/ex09/cmake/export_ex09__rosidl_typesupport_fastrtps_cppExport-noconfig.cmake
[3.957s] -- Installing: /home/dolganin/ros2_ws/ex09/install/ex09/share/ex09/cmake/ex09__rosidl_typesupport_introspection_cppExport.cmake
[3.957s] -- Installing: /home/dolganin/ros2_ws/ex09/install/ex09/share/ex09/cmake/ex09__rosidl_typesupport_introspection_cppExport-noconfig.cmake
[3.958s] -- Installing: /home/dolganin/ros2_ws/ex09/install/ex09/share/ex09/cmake/ex09__rosidl_typesupport_cppExport.cmake
[3.958s] -- Installing: /home/dolganin/ros2_ws/ex09/install/ex09/share/ex09/cmake/ex09__rosidl_typesupport_cppExport-noconfig.cmake
[3.958s] -- Installing: /home/dolganin/ros2_ws/ex09/install/ex09/share/ex09/cmake/export_ex09__rosidl_generator_pyExport.cmake
[3.958s] -- Installing: /home/dolganin/ros2_ws/ex09/install/ex09/share/ex09/cmake/export_ex09__rosidl_generator_pyExport-noconfig.cmake
[3.958s] -- Installing: /home/dolganin/ros2_ws/ex09/install/ex09/share/ex09/cmake/rosidl_cmake-extras.cmake
[3.958s] -- Installing: /home/dolganin/ros2_ws/ex09/install/ex09/share/ex09/cmake/ament_cmake_export_include_directories-extras.cmake
[3.958s] -- Installing: /home/dolganin/ros2_ws/ex09/install/ex09/share/ex09/cmake/ament_cmake_export_libraries-extras.cmake
[3.958s] -- Installing: /home/dolganin/ros2_ws/ex09/install/ex09/share/ex09/cmake/ament_cmake_export_targets-extras.cmake
[3.958s] -- Installing: /home/dolganin/ros2_ws/ex09/install/ex09/share/ex09/cmake/rosidl_cmake_export_typesupport_targets-extras.cmake
[3.958s] -- Installing: /home/dolganin/ros2_ws/ex09/install/ex09/share/ex09/cmake/ament_cmake_export_dependencies-extras.cmake
[3.959s] -- Installing: /home/dolganin/ros2_ws/ex09/install/ex09/share/ex09/cmake/rosidl_cmake_export_typesupport_libraries-extras.cmake
[3.959s] -- Installing: /home/dolganin/ros2_ws/ex09/install/ex09/share/ex09/cmake/ex09Config.cmake
[3.959s] -- Installing: /home/dolganin/ros2_ws/ex09/install/ex09/share/ex09/cmake/ex09Config-version.cmake
[3.959s] -- Installing: /home/dolganin/ros2_ws/ex09/install/ex09/share/ex09/package.xml
[3.961s] Invoked command in '/home/dolganin/ros2_ws/ex09/build/ex09' returned '0': CMAKE_PREFIX_PATH=${CMAKE_PREFIX_PATH}:/opt/ros/humble /usr/bin/cmake --install /home/dolganin/ros2_ws/ex09/build/ex09
