[0.009s] Invoking command in '/home/dolganin/ros2_ws/ex09/build/ex09': CMAKE_PREFIX_PATH=${CMAKE_PREFIX_PATH}:/opt/ros/humble /usr/bin/cmake /home/dolganin/ros2_ws/ex09 -DCMAKE_INSTALL_PREFIX=/home/dolganin/ros2_ws/ex09/install/ex09
[0.015s] -- Found ament_cmake: 1.3.5 (/opt/ros/humble/share/ament_cmake/cmake)
[0.105s] -- Found rosidl_default_generators: 1.2.0 (/opt/ros/humble/share/rosidl_default_generators/cmake)
[0.106s] -- Using all available rosidl_typesupport_c: rosidl_typesupport_fastrtps_c;rosidl_typesupport_introspection_c
[0.108s] -- Found rosidl_adapter: 3.1.5 (/opt/ros/humble/share/rosidl_adapter/cmake)
[0.293s] -- Using all available rosidl_typesupport_cpp: rosidl_typesupport_fastrtps_cpp;rosidl_typesupport_introspection_cpp
[0.413s] [31mCMake Error at /opt/ros/humble/share/rosidl_adapter/cmake/rosidl_adapt_interfaces.cmake:59 (message):
[0.413s]   execute_process(/usr/bin/python3.10 -m rosidl_adapter --package-name ex09
[0.413s]   --arguments-file
[0.413s]   /home/dolganin/ros2_ws/ex09/build/ex09/rosidl_adapter__arguments__ex09.json
[0.414s]   --output-dir /home/dolganin/ros2_ws/ex09/build/ex09/rosidl_adapter/ex09
[0.414s]   --output-file
[0.414s]   /home/dolganin/ros2_ws/ex09/build/ex09/rosidl_adapter/ex09.idls) returned
[0.414s]   error code 1:
[0.414s] 
[0.414s]   Traceback (most recent call last):
[0.414s] 
[0.414s]     File "/usr/lib/python3.10/runpy.py", line 196, in _run_module_as_main
[0.414s]       return _run_code(code, main_globals, None,
[0.414s]     File "/usr/lib/python3.10/runpy.py", line 86, in _run_code
[0.414s]       exec(code, run_globals)
[0.415s]     File "/opt/ros/humble/local/lib/python3.10/dist-packages/rosidl_adapter/__main__.py", line 19, in <module>
[0.415s]       sys.exit(main())
[0.415s]     File "/opt/ros/humble/local/lib/python3.10/dist-packages/rosidl_adapter/main.py", line 53, in main
[0.415s]       abs_idl_file = convert_to_idl(
[0.415s]     File "/opt/ros/humble/local/lib/python3.10/dist-packages/rosidl_adapter/__init__.py", line 19, in convert_to_idl
[0.415s]       return convert_msg_to_idl(
[0.415s]     File "/opt/ros/humble/local/lib/python3.10/dist-packages/rosidl_adapter/msg/__init__.py", line 28, in convert_msg_to_idl
[0.415s]       msg = parse_message_string(package_name, input_file.stem, content)
[0.415s]     File "/opt/ros/humble/local/lib/python3.10/dist-packages/rosidl_adapter/parser.py", line 544, in parse_message_string
[0.415s]       msg = MessageSpecification(pkg_name, msg_name, fields, constants)
[0.415s]     File "/opt/ros/humble/local/lib/python3.10/dist-packages/rosidl_adapter/parser.py", line 388, in __init__
[0.415s]       self.base_type = BaseType(
[0.415s]     File "/opt/ros/humble/local/lib/python3.10/dist-packages/rosidl_adapter/parser.py", line 205, in __init__
[0.415s]       raise InvalidResourceName(
[0.415s] 
[0.415s]   rosidl_adapter.parser.InvalidResourceName: 'fullnamemessage' is an invalid
[0.415s]   message name.  It should have the pattern '^[A-Z][A-Za-z0-9]*$'
[0.415s] 
[0.415s] Call Stack (most recent call first):
[0.415s]   /opt/ros/humble/share/rosidl_cmake/cmake/rosidl_generate_interfaces.cmake:130 (rosidl_adapt_interfaces)
[0.416s]   CMakeLists.txt:14 (rosidl_generate_interfaces)
[0.416s] 
[0.416s] [0m
[0.416s] -- Configuring incomplete, errors occurred!
[0.416s] See also "/home/dolganin/ros2_ws/ex09/build/ex09/CMakeFiles/CMakeOutput.log".
[0.419s] Invoked command in '/home/dolganin/ros2_ws/ex09/build/ex09' returned '1': CMAKE_PREFIX_PATH=${CMAKE_PREFIX_PATH}:/opt/ros/humble /usr/bin/cmake /home/dolganin/ros2_ws/ex09 -DCMAKE_INSTALL_PREFIX=/home/dolganin/ros2_ws/ex09/install/ex09
