-- Found ament_cmake: 1.3.5 (/opt/ros/humble/share/ament_cmake/cmake)
-- Found ament_lint_auto: 0.12.7 (/opt/ros/humble/share/ament_lint_auto/cmake)
-- Added test 'cppcheck' to perform static code analysis on C / C++ code
-- Configured cppcheck include dirs: $<BUILD_INTERFACE:/home/dolganin/ros2_ws/sbespalov/include>
-- Configured cppcheck exclude dirs and/or files: 
-- Added test 'flake8' to check Python code syntax and style conventions
-- Added test 'lint_cmake' to check CMake code style
-- Added test 'pep257' to check Python code against some of the docstring style conventions in PEP 257
-- Added test 'uncrustify' to check C / C++ code style
-- Configured uncrustify additional arguments: 
-- Added test 'xmllint' to check XML markup files
-- Configuring done
-- Generating done
-- Build files have been written to: /home/dolganin/ros2_ws/sbespalov/build/sbespalov
[ 50%] [32mBuilding CXX object CMakeFiles/node.dir/src/node.cpp.o[0m
[100%] [32m[1mLinking CXX executable node[0m
[100%] Built target node
-- Install configuration: ""
-- Installing: /home/dolganin/ros2_ws/sbespalov/install/sbespalov/lib/sbespalov/node
-- Installing: /home/dolganin/ros2_ws/sbespalov/install/sbespalov/share/ament_index/resource_index/package_run_dependencies/sbespalov
-- Installing: /home/dolganin/ros2_ws/sbespalov/install/sbespalov/share/ament_index/resource_index/parent_prefix_path/sbespalov
-- Installing: /home/dolganin/ros2_ws/sbespalov/install/sbespalov/share/sbespalov/environment/ament_prefix_path.sh
-- Installing: /home/dolganin/ros2_ws/sbespalov/install/sbespalov/share/sbespalov/environment/ament_prefix_path.dsv
-- Installing: /home/dolganin/ros2_ws/sbespalov/install/sbespalov/share/sbespalov/environment/path.sh
-- Installing: /home/dolganin/ros2_ws/sbespalov/install/sbespalov/share/sbespalov/environment/path.dsv
-- Installing: /home/dolganin/ros2_ws/sbespalov/install/sbespalov/share/sbespalov/local_setup.bash
-- Installing: /home/dolganin/ros2_ws/sbespalov/install/sbespalov/share/sbespalov/local_setup.sh
-- Installing: /home/dolganin/ros2_ws/sbespalov/install/sbespalov/share/sbespalov/local_setup.zsh
-- Installing: /home/dolganin/ros2_ws/sbespalov/install/sbespalov/share/sbespalov/local_setup.dsv
-- Installing: /home/dolganin/ros2_ws/sbespalov/install/sbespalov/share/sbespalov/package.dsv
-- Installing: /home/dolganin/ros2_ws/sbespalov/install/sbespalov/share/ament_index/resource_index/packages/sbespalov
-- Installing: /home/dolganin/ros2_ws/sbespalov/install/sbespalov/share/sbespalov/cmake/sbespalovConfig.cmake
-- Installing: /home/dolganin/ros2_ws/sbespalov/install/sbespalov/share/sbespalov/cmake/sbespalovConfig-version.cmake
-- Installing: /home/dolganin/ros2_ws/sbespalov/install/sbespalov/share/sbespalov/package.xml
