[0.010s] Invoking command in '/home/dolganin/ros2_ws/sbespalov/build/sbespalov': CMAKE_PREFIX_PATH=${CMAKE_PREFIX_PATH}:/opt/ros/humble /usr/bin/cmake /home/dolganin/ros2_ws/sbespalov -DCMAKE_INSTALL_PREFIX=/home/dolganin/ros2_ws/sbespalov/install/sbespalov
[0.016s] -- Found ament_cmake: 1.3.5 (/opt/ros/humble/share/ament_cmake/cmake)
[0.104s] -- Found ament_lint_auto: 0.12.7 (/opt/ros/humble/share/ament_lint_auto/cmake)
[0.153s] -- Added test 'cppcheck' to perform static code analysis on C / C++ code
[0.153s] -- Configured cppcheck include dirs: $<BUILD_INTERFACE:/home/dolganin/ros2_ws/sbespalov/include>
[0.153s] -- Configured cppcheck exclude dirs and/or files: 
[0.153s] -- Added test 'flake8' to check Python code syntax and style conventions
[0.154s] -- Added test 'lint_cmake' to check CMake code style
[0.154s] -- Added test 'pep257' to check Python code against some of the docstring style conventions in PEP 257
[0.157s] -- Added test 'uncrustify' to check C / C++ code style
[0.157s] -- Configured uncrustify additional arguments: 
[0.157s] -- Added test 'xmllint' to check XML markup files
[0.158s] -- Configuring done
[0.161s] -- Generating done
[0.161s] -- Build files have been written to: /home/dolganin/ros2_ws/sbespalov/build/sbespalov
[0.164s] Invoked command in '/home/dolganin/ros2_ws/sbespalov/build/sbespalov' returned '0': CMAKE_PREFIX_PATH=${CMAKE_PREFIX_PATH}:/opt/ros/humble /usr/bin/cmake /home/dolganin/ros2_ws/sbespalov -DCMAKE_INSTALL_PREFIX=/home/dolganin/ros2_ws/sbespalov/install/sbespalov
[0.165s] Invoking command in '/home/dolganin/ros2_ws/sbespalov/build/sbespalov': CMAKE_PREFIX_PATH=${CMAKE_PREFIX_PATH}:/opt/ros/humble /usr/bin/cmake --build /home/dolganin/ros2_ws/sbespalov/build/sbespalov -- -j12 -l12
[0.187s] [ 50%] [32mBuilding CXX object CMakeFiles/node.dir/src/node.cpp.o[0m
[0.203s] [100%] [32m[1mLinking CXX executable node[0m
[0.372s] [100%] Built target node
[0.378s] Invoked command in '/home/dolganin/ros2_ws/sbespalov/build/sbespalov' returned '0': CMAKE_PREFIX_PATH=${CMAKE_PREFIX_PATH}:/opt/ros/humble /usr/bin/cmake --build /home/dolganin/ros2_ws/sbespalov/build/sbespalov -- -j12 -l12
[0.394s] Invoking command in '/home/dolganin/ros2_ws/sbespalov/build/sbespalov': CMAKE_PREFIX_PATH=${CMAKE_PREFIX_PATH}:/opt/ros/humble /usr/bin/cmake --install /home/dolganin/ros2_ws/sbespalov/build/sbespalov
[0.397s] -- Install configuration: ""
[0.397s] -- Installing: /home/dolganin/ros2_ws/sbespalov/install/sbespalov/lib/sbespalov/node
[0.397s] -- Installing: /home/dolganin/ros2_ws/sbespalov/install/sbespalov/share/ament_index/resource_index/package_run_dependencies/sbespalov
[0.398s] -- Installing: /home/dolganin/ros2_ws/sbespalov/install/sbespalov/share/ament_index/resource_index/parent_prefix_path/sbespalov
[0.398s] -- Installing: /home/dolganin/ros2_ws/sbespalov/install/sbespalov/share/sbespalov/environment/ament_prefix_path.sh
[0.398s] -- Installing: /home/dolganin/ros2_ws/sbespalov/install/sbespalov/share/sbespalov/environment/ament_prefix_path.dsv
[0.398s] -- Installing: /home/dolganin/ros2_ws/sbespalov/install/sbespalov/share/sbespalov/environment/path.sh
[0.398s] -- Installing: /home/dolganin/ros2_ws/sbespalov/install/sbespalov/share/sbespalov/environment/path.dsv
[0.398s] -- Installing: /home/dolganin/ros2_ws/sbespalov/install/sbespalov/share/sbespalov/local_setup.bash
[0.398s] -- Installing: /home/dolganin/ros2_ws/sbespalov/install/sbespalov/share/sbespalov/local_setup.sh
[0.399s] -- Installing: /home/dolganin/ros2_ws/sbespalov/install/sbespalov/share/sbespalov/local_setup.zsh
[0.399s] -- Installing: /home/dolganin/ros2_ws/sbespalov/install/sbespalov/share/sbespalov/local_setup.dsv
[0.399s] -- Installing: /home/dolganin/ros2_ws/sbespalov/install/sbespalov/share/sbespalov/package.dsv
[0.399s] -- Installing: /home/dolganin/ros2_ws/sbespalov/install/sbespalov/share/ament_index/resource_index/packages/sbespalov
[0.399s] -- Installing: /home/dolganin/ros2_ws/sbespalov/install/sbespalov/share/sbespalov/cmake/sbespalovConfig.cmake
[0.399s] -- Installing: /home/dolganin/ros2_ws/sbespalov/install/sbespalov/share/sbespalov/cmake/sbespalovConfig-version.cmake
[0.399s] -- Installing: /home/dolganin/ros2_ws/sbespalov/install/sbespalov/share/sbespalov/package.xml
[0.401s] Invoked command in '/home/dolganin/ros2_ws/sbespalov/build/sbespalov' returned '0': CMAKE_PREFIX_PATH=${CMAKE_PREFIX_PATH}:/opt/ros/humble /usr/bin/cmake --install /home/dolganin/ros2_ws/sbespalov/build/sbespalov
